{"meta": {"format": 3, "version": "7.13.4", "timestamp": "2026-03-02T09:06:16.196996", "branch_coverage": false, "show_contexts": false}, "files": {"src/__init__.py": {"executed_lines": [3, 4, 8, 9, 10, 12], "summary": {"covered_lines": 6, "num_statements": 6, "percent_covered": 100.0, "percent_covered_display": "100", "missing_lines": 0, "excluded_lines": 0, "percent_statements_covered": 100.0, "percent_statements_covered_display": "100"}, "missing_lines": [], "excluded_lines": [], "functions": {"": {"executed_lines": [3, 4, 8, 9, 10, 12], "summary": {"covered_lines": 6, "num_statements": 6, "percent_covered": 100.0, "percent_covered_display": "100", "missing_lines": 0, "excluded_lines": 0, "percent_statements_covered": 100.0, "percent_statements_covered_display": "100"}, "missing_lines": [], "excluded_lines": [], "start_line": 1}}, "classes": {"": {"executed_lines": [3, 4, 8, 9, 10, 12], "summary": {"covered_lines": 6, "num_statements": 6, "percent_covered": 100.0, "percent_covered_display": "100", "missing_lines": 0, "excluded_lines": 0, "percent_statements_covered": 100.0, "percent_statements_covered_display": "100"}, "missing_lines": [], "excluded_lines": [], "start_line": 1}}}, "src/auth/middleware.py": {"executed_lines": [5, 6, 8, 9, 10, 11, 12, 13, 15, 18, 19, 20, 27, 28, 33, 36, 37, 40, 58, 61, 62, 65, 66, 68, 71, 74, 79, 80, 81, 84, 87, 89, 90, 91, 93, 99, 101, 103, 106, 109, 110, 112, 113, 114, 115, 120, 128, 130, 131, 132, 133, 135, 140, 142, 146, 148, 155, 157, 158, 161, 162, 164, 165, 175, 176, 177, 181, 183, 185, 187, 188, 190, 191, 192, 193, 198, 207, 219, 220, 221, 222, 223, 225, 227, 244, 245, 246, 247, 253, 256, 258, 259, 261, 262, 263, 264, 265, 266, 269, 271, 288, 290, 292, 293, 294, 295, 300, 303, 306, 309, 310, 311, 312, 314, 315, 318, 323, 324, 329, 330, 345, 352, 357, 358, 361, 362, 363, 364, 367, 369, 370, 371, 438, 446, 447, 450, 451, 454, 456, 459, 460, 463, 464, 465, 466, 471, 502, 505, 508, 509, 510, 514, 516, 519, 522, 525, 526, 527, 531, 533, 537, 538], "summary": {"covered_lines": 162, "num_statements": 240, "percent_covered": 67.5, "percent_covered_display": "68", "missing_lines": 78, "excluded_lines": 0, "percent_statements_covered": 67.5, "percent_statements_covered_display": "68"}, "missing_lines": [21, 23, 24, 29, 31, 47, 48, 50, 51, 52, 54, 55, 143, 144, 166, 168, 170, 173, 208, 210, 211, 213, 214, 217, 228, 229, 231, 232, 233, 234, 235, 239, 242, 243, 320, 373, 377, 378, 379, 381, 385, 386, 388, 391, 393, 394, 397, 398, 400, 403, 406, 408, 410, 411, 412, 415, 417, 419, 423, 424, 428, 468, 473, 474, 475, 476, 477, 478, 479, 485, 486, 487, 488, 489, 491, 496, 497, 499], "excluded_lines": [], "functions": {"_capture_user_location_safe": {"executed_lines": [], "summary": {"covered_lines": 0, "num_statements": 7, "percent_covered": 0.0, "percent_covered_display": "0", "missing_lines": 7, "excluded_lines": 0, "percent_statements_covered": 0.0, "percent_statements_covered_display": "0"}, "missing_lines": [47, 48, 50, 51, 52, 54, 55], "excluded_lines": [], "start_line": 40}, "KeycloakJWTBearer.get_oidc_config": {"executed_lines": [79, 80, 81, 84, 87, 89, 90, 91, 93, 99, 101, 103, 106, 109, 110, 112, 113, 114, 115, 120, 128, 130, 131, 132, 133], "summary": {"covered_lines": 25, "num_statements": 25, "percent_covered": 100.0, "percent_covered_display": "100", "missing_lines": 0, "excluded_lines": 0, "percent_statements_covered": 100.0, "percent_statements_covered_display": "100"}, "missing_lines": [], "excluded_lines": [], "start_line": 74}, "KeycloakJWTBearer.get_jwks": {"executed_lines": [140, 142, 146, 148, 155, 157, 158, 161, 162, 164, 165, 175, 176, 177], "summary": {"covered_lines": 14, "num_statements": 20, "percent_covered": 70.0, "percent_covered_display": "70", "missing_lines": 6, "excluded_lines": 0, "percent_statements_covered": 70.0, "percent_statements_covered_display": "70"}, "missing_lines": [143, 144, 166, 168, 170, 173], "excluded_lines": [], "start_line": 135}, "KeycloakJWTBearer.validate_token": {"executed_lines": [183, 185, 187, 188, 190, 191, 192, 193, 198, 207, 219, 220, 221, 222, 223, 225, 227, 244, 245, 246, 247], "summary": {"covered_lines": 21, "num_statements": 37, "percent_covered": 56.75675675675676, "percent_covered_display": "57", "missing_lines": 16, "excluded_lines": 0, "percent_statements_covered": 56.75675675675676, "percent_statements_covered_display": "57"}, "missing_lines": [208, 210, 211, 213, 214, 217, 228, 229, 231, 232, 233, 234, 235, 239, 242, 243], "excluded_lines": [], "start_line": 181}, "lookup_user_by_email": {"executed_lines": [258, 259, 261, 262, 263, 264, 265, 266], "summary": {"covered_lines": 8, "num_statements": 8, "percent_covered": 100.0, "percent_covered_display": "100", "missing_lines": 0, "excluded_lines": 0, "percent_statements_covered": 100.0, "percent_statements_covered_display": "100"}, "missing_lines": [], "excluded_lines": [], "start_line": 256}, "create_user_context": {"executed_lines": [271], "summary": {"covered_lines": 1, "num_statements": 1, "percent_covered": 100.0, "percent_covered_display": "100", "missing_lines": 0, "excluded_lines": 0, "percent_statements_covered": 100.0, "percent_statements_covered_display": "100"}, "missing_lines": [], "excluded_lines": [], "start_line": 269}, "get_test_user": {"executed_lines": [290, 292, 293, 294, 295, 300, 303], "summary": {"covered_lines": 7, "num_statements": 7, "percent_covered": 100.0, "percent_covered_display": "100", "missing_lines": 0, "excluded_lines": 0, "percent_statements_covered": 100.0, "percent_statements_covered_display": "100"}, "missing_lines": [], "excluded_lines": [], "start_line": 288}, "get_dev_fallback_user": {"executed_lines": [309, 310, 311, 312, 314, 315, 318, 323, 324, 329, 330], "summary": {"covered_lines": 11, "num_statements": 12, "percent_covered": 91.66666666666667, "percent_covered_display": "92", "missing_lines": 1, "excluded_lines": 0, "percent_statements_covered": 91.66666666666667, "percent_statements_covered_display": "92"}, "missing_lines": [320], "excluded_lines": [], "start_line": 306}, "get_current_user": {"executed_lines": [352, 357, 358, 361, 362, 363, 364, 367, 369, 370, 371], "summary": {"covered_lines": 11, "num_statements": 37, "percent_covered": 29.72972972972973, "percent_covered_display": "30", "missing_lines": 26, "excluded_lines": 0, "percent_statements_covered": 29.72972972972973, "percent_statements_covered_display": "30"}, "missing_lines": [373, 377, 378, 379, 381, 385, 386, 388, 391, 393, 394, 397, 398, 400, 403, 406, 408, 410, 411, 412, 415, 417, 419, 423, 424, 428], "excluded_lines": [], "start_line": 345}, "require_authentication": {"executed_lines": [446, 447, 450, 451, 454, 456, 459, 460, 463, 464, 465, 466, 471], "summary": {"covered_lines": 13, "num_statements": 30, "percent_covered": 43.333333333333336, "percent_covered_display": "43", "missing_lines": 17, "excluded_lines": 0, "percent_statements_covered": 43.333333333333336, "percent_statements_covered_display": "43"}, "missing_lines": [468, 473, 474, 475, 476, 477, 478, 479, 485, 486, 487, 488, 489, 491, 496, 497, 499], "excluded_lines": [], "start_line": 438}, "require_role": {"executed_lines": [505, 516], "summary": {"covered_lines": 2, "num_statements": 2, "percent_covered": 100.0, "percent_covered_display": "100", "missing_lines": 0, "excluded_lines": 0, "percent_statements_covered": 100.0, "percent_statements_covered_display": "100"}, "missing_lines": [], "excluded_lines": [], "start_line": 502}, "require_role.role_checker": {"executed_lines": [508, 509, 510, 514], "summary": {"covered_lines": 4, "num_statements": 4, "percent_covered": 100.0, "percent_covered_display": "100", "missing_lines": 0, "excluded_lines": 0, "percent_statements_covered": 100.0, "percent_statements_covered_display": "100"}, "missing_lines": [], "excluded_lines": [], "start_line": 505}, "require_any_role": {"executed_lines": [522, 533], "summary": {"covered_lines": 2, "num_statements": 2, "percent_covered": 100.0, "percent_covered_display": "100", "missing_lines": 0, "excluded_lines": 0, "percent_statements_covered": 100.0, "percent_statements_covered_display": "100"}, "missing_lines": [], "excluded_lines": [], "start_line": 519}, "require_any_role.role_checker": {"executed_lines": [525, 526, 527, 531], "summary": {"covered_lines": 4, "num_statements": 4, "percent_covered": 100.0, "percent_covered_display": "100", "missing_lines": 0, "excluded_lines": 0, "percent_statements_covered": 100.0, "percent_statements_covered_display": "100"}, "missing_lines": [], "excluded_lines": [], "start_line": 522}, "": {"executed_lines": [5, 6, 8, 9, 10, 11, 12, 13, 15, 18, 19, 20, 27, 28, 33, 36, 37, 40, 58, 61, 62, 65, 66, 68, 71, 74, 135, 181, 253, 256, 269, 288, 306, 345, 438, 502, 519, 537, 538], "summary": {"covered_lines": 39, "num_statements": 44, "percent_covered": 88.63636363636364, "percent_covered_display": "89", "missing_lines": 5, "excluded_lines": 0, "percent_statements_covered": 88.63636363636364, "percent_statements_covered_display": "89"}, "missing_lines": [21, 23, 24, 29, 31], "excluded_lines": [], "start_line": 1}}, "classes": {"KeycloakJWTBearer": {"executed_lines": [79, 80, 81, 84, 87, 89, 90, 91, 93, 99, 101, 103, 106, 109, 110, 112, 113, 114, 115, 120, 128, 130, 131, 132, 133, 140, 142, 146, 148, 155, 157, 158, 161, 162, 164, 165, 175, 176, 177, 183, 185, 187, 188, 190, 191, 192, 193, 198, 207, 219, 220, 221, 222, 223, 225, 227, 244, 245, 246, 247], "summary": {"covered_lines": 60, "num_statements": 82, "percent_covered": 73.17073170731707, "percent_covered_display": "73", "missing_lines": 22, "excluded_lines": 0, "percent_statements_covered": 73.17073170731707, "percent_statements_covered_display": "73"}, "missing_lines": [143, 144, 166, 168, 170, 173, 208, 210, 211, 213, 214, 217, 228, 229, 231, 232, 233, 234, 235, 239, 242, 243], "excluded_lines": [], "start_line": 71}, "": {"executed_lines": [5, 6, 8, 9, 10, 11, 12, 13, 15, 18, 19, 20, 27, 28, 33, 36, 37, 40, 58, 61, 62, 65, 66, 68, 71, 74, 135, 181, 253, 256, 258, 259, 261, 262, 263, 264, 265, 266, 269, 271, 288, 290, 292, 293, 294, 295, 300, 303, 306, 309, 310, 311, 312, 314, 315, 318, 323, 324, 329, 330, 345, 352, 357, 358, 361, 362, 363, 364, 367, 369, 370, 371, 438, 446, 447, 450, 451, 454, 456, 459, 460, 463, 464, 465, 466, 471, 502, 505, 508, 509, 510, 514, 516, 519, 522, 525, 526, 527, 531, 533, 537, 538], "summary": {"covered_lines": 102, "num_statements": 158, "percent_covered": 64.55696202531645, "percent_covered_display": "65", "missing_lines": 56, "excluded_lines": 0, "percent_statements_covered": 64.55696202531645, "percent_statements_covered_display": "65"}, "missing_lines": [21, 23, 24, 29, 31, 47, 48, 50, 51, 52, 54, 55, 320, 373, 377, 378, 379, 381, 385, 386, 388, 391, 393, 394, 397, 398, 400, 403, 406, 408, 410, 411, 412, 415, 417, 419, 423, 424, 428, 468, 473, 474, 475, 476, 477, 478, 479, 485, 486, 487, 488, 489, 491, 496, 497, 499], "excluded_lines": [], "start_line": 1}}}, "src/core/__init__.py": {"executed_lines": [], "summary": {"covered_lines": 0, "num_statements": 0, "percent_covered": 100.0, "percent_covered_display": "100", "missing_lines": 0, "excluded_lines": 0, "percent_statements_covered": 100.0, "percent_statements_covered_display": "100"}, "missing_lines": [], "excluded_lines": [], "functions": {"": {"executed_lines": [], "summary": {"covered_lines": 0, "num_statements": 0, "percent_covered": 100.0, "percent_covered_display": "100", "missing_lines": 0, "excluded_lines": 0, "percent_statements_covered": 100.0, "percent_statements_covered_display": "100"}, "missing_lines": [], "excluded_lines": [], "start_line": 1}}, "classes": {"": {"executed_lines": [], "summary": {"covered_lines": 0, "num_statements": 0, "percent_covered": 100.0, "percent_covered_display": "100", "missing_lines": 0, "excluded_lines": 0, "percent_statements_covered": 100.0, "percent_statements_covered_display": "100"}, "missing_lines": [], "excluded_lines": [], "start_line": 1}}}, "src/core/config.py": {"executed_lines": [5, 6, 7, 9, 12, 16, 27, 32, 35, 36, 39, 42, 47, 48, 49, 50, 51, 52, 53, 56, 57, 60, 61, 67, 68, 71, 72, 75, 76, 77, 78, 79, 80, 81, 82, 85, 86, 87, 89, 92, 96, 97, 101], "summary": {"covered_lines": 43, "num_statements": 44, "percent_covered": 97.72727272727273, "percent_covered_display": "98", "missing_lines": 1, "excluded_lines": 0, "percent_statements_covered": 97.72727272727273, "percent_statements_covered_display": "98"}, "missing_lines": [93], "excluded_lines": [], "functions": {"Settings.model_post_init": {"executed_lines": [92, 96, 97], "summary": {"covered_lines": 3, "num_statements": 4, "percent_covered": 75.0, "percent_covered_display": "75", "missing_lines": 1, "excluded_lines": 0, "percent_statements_covered": 75.0, "percent_statements_covered_display": "75"}, "missing_lines": [93], "excluded_lines": [], "start_line": 89}, "": {"executed_lines": [5, 6, 7, 9, 12, 16, 27, 32, 35, 36, 39, 42, 47, 48, 49, 50, 51, 52, 53, 56, 57, 60, 61, 67, 68, 71, 72, 75, 76, 77, 78, 79, 80, 81, 82, 85, 86, 87, 89, 101], "summary": {"covered_lines": 40, "num_statements": 40, "percent_covered": 100.0, "percent_covered_display": "100", "missing_lines": 0, "excluded_lines": 0, "percent_statements_covered": 100.0, "percent_statements_covered_display": "100"}, "missing_lines": [], "excluded_lines": [], "start_line": 1}}, "classes": {"Settings": {"executed_lines": [92, 96, 97], "summary": {"covered_lines": 3, "num_statements": 4, "percent_covered": 75.0, "percent_covered_display": "75", "missing_lines": 1, "excluded_lines": 0, "percent_statements_covered": 75.0, "percent_statements_covered_display": "75"}, "missing_lines": [93], "excluded_lines": [], "start_line": 12}, "": {"executed_lines": [5, 6, 7, 9, 12, 16, 27, 32, 35, 36, 39, 42, 47, 48, 49, 50, 51, 52, 53, 56, 57, 60, 61, 67, 68, 71, 72, 75, 76, 77, 78, 79, 80, 81, 82, 85, 86, 87, 89, 101], "summary": {"covered_lines": 40, "num_statements": 40, "percent_covered": 100.0, "percent_covered_display": "100", "missing_lines": 0, "excluded_lines": 0, "percent_statements_covered": 100.0, "percent_statements_covered_display": "100"}, "missing_lines": [], "excluded_lines": [], "start_line": 1}}}, "src/core/recommendation_config.py": {"executed_lines": [3, 6, 10, 13, 14, 17, 20, 23, 24, 27, 29, 30, 31, 35], "summary": {"covered_lines": 14, "num_statements": 14, "percent_covered": 100.0, "percent_covered_display": "100", "missing_lines": 0, "excluded_lines": 0, "percent_statements_covered": 100.0, "percent_statements_covered_display": "100"}, "missing_lines": [], "excluded_lines": [], "functions": {"": {"executed_lines": [3, 6, 10, 13, 14, 17, 20, 23, 24, 27, 29, 30, 31, 35], "summary": {"covered_lines": 14, "num_statements": 14, "percent_covered": 100.0, "percent_covered_display": "100", "missing_lines": 0, "excluded_lines": 0, "percent_statements_covered": 100.0, "percent_statements_covered_display": "100"}, "missing_lines": [], "excluded_lines": [], "start_line": 1}}, "classes": {"RecommendationConfig": {"executed_lines": [], "summary": {"covered_lines": 0, "num_statements": 0, "percent_covered": 100.0, "percent_covered_display": "100", "missing_lines": 0, "excluded_lines": 0, "percent_statements_covered": 100.0, "percent_statements_covered_display": "100"}, "missing_lines": [], "excluded_lines": [], "start_line": 6}, "RecommendationConfig.Config": {"executed_lines": [], "summary": {"covered_lines": 0, "num_statements": 0, "percent_covered": 100.0, "percent_covered_display": "100", "missing_lines": 0, "excluded_lines": 0, "percent_statements_covered": 100.0, "percent_statements_covered_display": "100"}, "missing_lines": [], "excluded_lines": [], "start_line": 29}, "": {"executed_lines": [3, 6, 10, 13, 14, 17, 20, 23, 24, 27, 29, 30, 31, 35], "summary": {"covered_lines": 14, "num_statements": 14, "percent_covered": 100.0, "percent_covered_display": "100", "missing_lines": 0, "excluded_lines": 0, "percent_statements_covered": 100.0, "percent_statements_covered_display": "100"}, "missing_lines": [], "excluded_lines": [], "start_line": 1}}}, "src/main.py": {"executed_lines": [5, 6, 8, 9, 11, 12, 13, 14, 15, 16, 17, 18, 19, 20, 23, 28, 29, 32, 33, 70, 78, 87, 88, 89, 92, 93, 94, 97, 98], "summary": {"covered_lines": 29, "num_statements": 51, "percent_covered": 56.86274509803921, "percent_covered_display": "57", "missing_lines": 22, "excluded_lines": 0, "percent_statements_covered": 56.86274509803921, "percent_statements_covered_display": "57"}, "missing_lines": [35, 38, 39, 42, 43, 45, 46, 48, 49, 51, 52, 54, 56, 57, 59, 60, 62, 63, 65, 66, 67, 100], "excluded_lines": [], "functions": {"lifespan": {"executed_lines": [], "summary": {"covered_lines": 0, "num_statements": 21, "percent_covered": 0.0, "percent_covered_display": "0", "missing_lines": 21, "excluded_lines": 0, "percent_statements_covered": 0.0, "percent_statements_covered_display": "0"}, "missing_lines": [35, 38, 39, 42, 43, 45, 46, 48, 49, 51, 52, 54, 56, 57, 59, 60, 62, 63, 65, 66, 67], "excluded_lines": [], "start_line": 33}, "root": {"executed_lines": [], "summary": {"covered_lines": 0, "num_statements": 1, "percent_covered": 0.0, "percent_covered_display": "0", "missing_lines": 1, "excluded_lines": 0, "percent_statements_covered": 0.0, "percent_statements_covered_display": "0"}, "missing_lines": [100], "excluded_lines": [], "start_line": 98}, "": {"executed_lines": [5, 6, 8, 9, 11, 12, 13, 14, 15, 16, 17, 18, 19, 20, 23, 28, 29, 32, 33, 70, 78, 87, 88, 89, 92, 93, 94, 97, 98], "summary": {"covered_lines": 29, "num_statements": 29, "percent_covered": 100.0, "percent_covered_display": "100", "missing_lines": 0, "excluded_lines": 0, "percent_statements_covered": 100.0, "percent_statements_covered_display": "100"}, "missing_lines": [], "excluded_lines": [], "start_line": 1}}, "classes": {"": {"executed_lines": [5, 6, 8, 9, 11, 12, 13, 14, 15, 16, 17, 18, 19, 20, 23, 28, 29, 32, 33, 70, 78, 87, 88, 89, 92, 93, 94, 97, 98], "summary": {"covered_lines": 29, "num_statements": 51, "percent_covered": 56.86274509803921, "percent_covered_display": "57", "missing_lines": 22, "excluded_lines": 0, "percent_statements_covered": 56.86274509803921, "percent_statements_covered_display": "57"}, "missing_lines": [35, 38, 39, 42, 43, 45, 46, 48, 49, 51, 52, 54, 56, 57, 59, 60, 62, 63, 65, 66, 67, 100], "excluded_lines": [], "start_line": 1}}}, "src/models/__init__.py": {"executed_lines": [], "summary": {"covered_lines": 0, "num_statements": 0, "percent_covered": 100.0, "percent_covered_display": "100", "missing_lines": 0, "excluded_lines": 0, "percent_statements_covered": 100.0, "percent_statements_covered_display": "100"}, "missing_lines": [], "excluded_lines": [], "functions": {"": {"executed_lines": [], "summary": {"covered_lines": 0, "num_statements": 0, "percent_covered": 100.0, "percent_covered_display": "100", "missing_lines": 0, "excluded_lines": 0, "percent_statements_covered": 100.0, "percent_statements_covered_display": "100"}, "missing_lines": [], "excluded_lines": [], "start_line": 1}}, "classes": {"": {"executed_lines": [], "summary": {"covered_lines": 0, "num_statements": 0, "percent_covered": 100.0, "percent_covered_display": "100", "missing_lines": 0, "excluded_lines": 0, "percent_statements_covered": 100.0, "percent_statements_covered_display": "100"}, "missing_lines": [], "excluded_lines": [], "start_line": 1}}}, "src/routes/__init__.py": {"executed_lines": [1], "summary": {"covered_lines": 1, "num_statements": 1, "percent_covered": 100.0, "percent_covered_display": "100", "missing_lines": 0, "excluded_lines": 0, "percent_statements_covered": 100.0, "percent_statements_covered_display": "100"}, "missing_lines": [], "excluded_lines": [], "functions": {"": {"executed_lines": [1], "summary": {"covered_lines": 1, "num_statements": 1, "percent_covered": 100.0, "percent_covered_display": "100", "missing_lines": 0, "excluded_lines": 0, "percent_statements_covered": 100.0, "percent_statements_covered_display": "100"}, "missing_lines": [], "excluded_lines": [], "start_line": 1}}, "classes": {"": {"executed_lines": [1], "summary": {"covered_lines": 1, "num_statements": 1, "percent_covered": 100.0, "percent_covered_display": "100", "missing_lines": 0, "excluded_lines": 0, "percent_statements_covered": 100.0, "percent_statements_covered_display": "100"}, "missing_lines": [], "excluded_lines": [], "start_line": 1}}}, "src/routes/alerts.py": {"executed_lines": [3, 4, 5, 7, 8, 9, 10, 12, 13, 14, 17, 20, 23, 24, 26, 27, 34, 35, 37, 38, 41, 42, 43, 44, 45, 48, 49, 52, 53, 54, 55, 56, 57, 58, 59, 60, 61, 62, 66, 67, 68, 69, 73, 74, 93, 94, 101, 104, 106, 107, 109, 111, 112, 114, 115, 117, 145, 146, 152, 153, 155, 156, 158, 182, 183, 189, 197, 198, 199, 201, 219, 220, 221, 224, 225, 227, 231, 255, 256, 264, 265, 266, 267, 270, 271, 272, 273, 275, 276, 277, 280, 281, 283, 307, 308, 314, 317, 318, 319, 320, 323, 326, 329, 330, 332, 338, 339, 382, 383, 416, 417, 479, 480, 533, 534, 554, 555, 588, 589, 642, 643, 644, 645, 646, 649, 650, 654, 655, 710, 713, 725, 726, 727, 728, 729, 730, 731, 734, 735, 812, 813, 814, 815, 818, 819, 820, 821, 822, 823, 826, 827, 852, 853, 876, 877, 902, 903, 932, 933, 977, 978], "summary": {"covered_lines": 161, "num_statements": 354, "percent_covered": 45.48022598870057, "percent_covered_display": "45", "missing_lines": 193, "excluded_lines": 0, "percent_statements_covered": 45.48022598870057, "percent_statements_covered_display": "45"}, "missing_lines": [80, 81, 83, 86, 87, 88, 89, 90, 228, 229, 346, 348, 349, 351, 352, 354, 355, 357, 358, 360, 389, 392, 394, 395, 397, 424, 425, 426, 427, 430, 433, 434, 435, 437, 448, 450, 451, 453, 454, 456, 457, 458, 460, 488, 491, 492, 493, 496, 497, 498, 499, 500, 502, 504, 505, 506, 511, 512, 514, 540, 543, 544, 545, 547, 548, 550, 561, 564, 566, 595, 597, 598, 599, 600, 602, 604, 605, 608, 609, 610, 612, 613, 614, 615, 617, 619, 620, 621, 624, 625, 626, 628, 629, 630, 631, 633, 634, 635, 663, 664, 667, 668, 673, 674, 677, 679, 680, 683, 684, 687, 691, 694, 695, 696, 698, 701, 703, 704, 705, 715, 716, 717, 718, 719, 720, 741, 742, 744, 745, 750, 754, 755, 761, 762, 765, 783, 784, 785, 787, 801, 802, 803, 804, 805, 833, 834, 836, 837, 839, 844, 845, 846, 859, 860, 862, 863, 865, 869, 870, 871, 884, 885, 887, 888, 889, 891, 910, 911, 913, 914, 918, 920, 925, 926, 927, 940, 941, 943, 944, 946, 963, 965, 970, 971, 972, 982, 983, 986, 991, 997, 1003, 1004, 1005], "excluded_lines": [], "functions": {"validate_alert_rule": {"executed_lines": [], "summary": {"covered_lines": 0, "num_statements": 8, "percent_covered": 0.0, "percent_covered_display": "0", "missing_lines": 8, "excluded_lines": 0, "percent_statements_covered": 0.0, "percent_statements_covered_display": "0"}, "missing_lines": [80, 81, 83, 86, 87, 88, 89, 90], "excluded_lines": [], "start_line": 74}, "get_alert_rules": {"executed_lines": [101, 104, 106, 107, 109, 111, 112, 114, 115, 117], "summary": {"covered_lines": 10, "num_statements": 10, "percent_covered": 100.0, "percent_covered_display": "100", "missing_lines": 0, "excluded_lines": 0, "percent_statements_covered": 100.0, "percent_statements_covered_display": "100"}, "missing_lines": [], "excluded_lines": [], "start_line": 94}, "get_alert_rule": {"executed_lines": [152, 153, 155, 156, 158], "summary": {"covered_lines": 5, "num_statements": 5, "percent_covered": 100.0, "percent_covered_display": "100", "missing_lines": 0, "excluded_lines": 0, "percent_statements_covered": 100.0, "percent_statements_covered_display": "100"}, "missing_lines": [], "excluded_lines": [], "start_line": 146}, "create_alert_rule": {"executed_lines": [189, 197, 198, 199, 201, 219, 220, 221, 224, 225, 227, 231], "summary": {"covered_lines": 12, "num_statements": 14, "percent_covered": 85.71428571428571, "percent_covered_display": "86", "missing_lines": 2, "excluded_lines": 0, "percent_statements_covered": 85.71428571428571, "percent_statements_covered_display": "86"}, "missing_lines": [228, 229], "excluded_lines": [], "start_line": 183}, "update_alert_rule": {"executed_lines": [264, 265, 266, 267, 270, 271, 272, 273, 275, 276, 277, 280, 281, 283], "summary": {"covered_lines": 14, "num_statements": 14, "percent_covered": 100.0, "percent_covered_display": "100", "missing_lines": 0, "excluded_lines": 0, "percent_statements_covered": 100.0, "percent_statements_covered_display": "100"}, "missing_lines": [], "excluded_lines": [], "start_line": 256}, "delete_alert_rule": {"executed_lines": [314, 317, 318, 319, 320, 323, 326, 329, 330, 332], "summary": {"covered_lines": 10, "num_statements": 10, "percent_covered": 100.0, "percent_covered_display": "100", "missing_lines": 0, "excluded_lines": 0, "percent_statements_covered": 100.0, "percent_statements_covered_display": "100"}, "missing_lines": [], "excluded_lines": [], "start_line": 308}, "get_alert_notifications": {"executed_lines": [], "summary": {"covered_lines": 0, "num_statements": 10, "percent_covered": 0.0, "percent_covered_display": "0", "missing_lines": 10, "excluded_lines": 0, "percent_statements_covered": 0.0, "percent_statements_covered_display": "0"}, "missing_lines": [346, 348, 349, 351, 352, 354, 355, 357, 358, 360], "excluded_lines": [], "start_line": 339}, "get_alert_notification": {"executed_lines": [], "summary": {"covered_lines": 0, "num_statements": 5, "percent_covered": 0.0, "percent_covered_display": "0", "missing_lines": 5, "excluded_lines": 0, "percent_statements_covered": 0.0, "percent_statements_covered_display": "0"}, "missing_lines": [389, 392, 394, 395, 397], "excluded_lines": [], "start_line": 383}, "create_alert_notification": {"executed_lines": [], "summary": {"covered_lines": 0, "num_statements": 18, "percent_covered": 0.0, "percent_covered_display": "0", "missing_lines": 18, "excluded_lines": 0, "percent_statements_covered": 0.0, "percent_statements_covered_display": "0"}, "missing_lines": [424, 425, 426, 427, 430, 433, 434, 435, 437, 448, 450, 451, 453, 454, 456, 457, 458, 460], "excluded_lines": [], "start_line": 417}, "update_alert_notification": {"executed_lines": [], "summary": {"covered_lines": 0, "num_statements": 16, "percent_covered": 0.0, "percent_covered_display": "0", "missing_lines": 16, "excluded_lines": 0, "percent_statements_covered": 0.0, "percent_statements_covered_display": "0"}, "missing_lines": [488, 491, 492, 493, 496, 497, 498, 499, 500, 502, 504, 505, 506, 511, 512, 514], "excluded_lines": [], "start_line": 480}, "delete_alert_notification": {"executed_lines": [], "summary": {"covered_lines": 0, "num_statements": 7, "percent_covered": 0.0, "percent_covered_display": "0", "missing_lines": 7, "excluded_lines": 0, "percent_statements_covered": 0.0, "percent_statements_covered_display": "0"}, "missing_lines": [540, 543, 544, 545, 547, 548, 550], "excluded_lines": [], "start_line": 534}, "get_notifications_for_rule": {"executed_lines": [], "summary": {"covered_lines": 0, "num_statements": 3, "percent_covered": 0.0, "percent_covered_display": "0", "missing_lines": 3, "excluded_lines": 0, "percent_statements_covered": 0.0, "percent_statements_covered_display": "0"}, "missing_lines": [561, 564, 566], "excluded_lines": [], "start_line": 555}, "trigger_alert_rule": {"executed_lines": [], "summary": {"covered_lines": 0, "num_statements": 29, "percent_covered": 0.0, "percent_covered_display": "0", "missing_lines": 29, "excluded_lines": 0, "percent_statements_covered": 0.0, "percent_statements_covered_display": "0"}, "missing_lines": [595, 597, 598, 599, 600, 602, 604, 605, 608, 609, 610, 612, 613, 614, 615, 617, 619, 620, 621, 624, 625, 626, 628, 629, 630, 631, 633, 634, 635], "excluded_lines": [], "start_line": 589}, "get_alert_recommendations": {"executed_lines": [], "summary": {"covered_lines": 0, "num_statements": 21, "percent_covered": 0.0, "percent_covered_display": "0", "missing_lines": 21, "excluded_lines": 0, "percent_statements_covered": 0.0, "percent_statements_covered_display": "0"}, "missing_lines": [663, 664, 667, 668, 673, 674, 677, 679, 680, 683, 684, 687, 691, 694, 695, 696, 698, 701, 703, 704, 705], "excluded_lines": [], "start_line": 655}, "get_recommendation_categories": {"executed_lines": [], "summary": {"covered_lines": 0, "num_statements": 6, "percent_covered": 0.0, "percent_covered_display": "0", "missing_lines": 6, "excluded_lines": 0, "percent_statements_covered": 0.0, "percent_statements_covered_display": "0"}, "missing_lines": [715, 716, 717, 718, 719, 720], "excluded_lines": [], "start_line": 713}, "create_rule_from_recommendation": {"executed_lines": [], "summary": {"covered_lines": 0, "num_statements": 19, "percent_covered": 0.0, "percent_covered_display": "0", "missing_lines": 19, "excluded_lines": 0, "percent_statements_covered": 0.0, "percent_statements_covered_display": "0"}, "missing_lines": [741, 742, 744, 745, 750, 754, 755, 761, 762, 765, 783, 784, 785, 787, 801, 802, 803, 804, 805], "excluded_lines": [], "start_line": 735}, "generate_recommendations_for_all_users": {"executed_lines": [], "summary": {"covered_lines": 0, "num_statements": 8, "percent_covered": 0.0, "percent_covered_display": "0", "missing_lines": 8, "excluded_lines": 0, "percent_statements_covered": 0.0, "percent_statements_covered_display": "0"}, "missing_lines": [833, 834, 836, 837, 839, 844, 845, 846], "excluded_lines": [], "start_line": 827}, "cleanup_expired_recommendations": {"executed_lines": [], "summary": {"covered_lines": 0, "num_statements": 8, "percent_covered": 0.0, "percent_covered_display": "0", "missing_lines": 8, "excluded_lines": 0, "percent_statements_covered": 0.0, "percent_statements_covered_display": "0"}, "missing_lines": [859, 860, 862, 863, 865, 869, 870, 871], "excluded_lines": [], "start_line": 853}, "get_recommendation_job_status": {"executed_lines": [], "summary": {"covered_lines": 0, "num_statements": 6, "percent_covered": 0.0, "percent_covered_display": "0", "missing_lines": 6, "excluded_lines": 0, "percent_statements_covered": 0.0, "percent_statements_covered_display": "0"}, "missing_lines": [884, 885, 887, 888, 889, 891], "excluded_lines": [], "start_line": 877}, "get_recommendation_metrics": {"executed_lines": [], "summary": {"covered_lines": 0, "num_statements": 9, "percent_covered": 0.0, "percent_covered_display": "0", "missing_lines": 9, "excluded_lines": 0, "percent_statements_covered": 0.0, "percent_statements_covered_display": "0"}, "missing_lines": [910, 911, 913, 914, 918, 920, 925, 926, 927], "excluded_lines": [], "start_line": 903}, "test_websocket_notification": {"executed_lines": [], "summary": {"covered_lines": 0, "num_statements": 10, "percent_covered": 0.0, "percent_covered_display": "0", "missing_lines": 10, "excluded_lines": 0, "percent_statements_covered": 0.0, "percent_statements_covered_display": "0"}, "missing_lines": [940, 941, 943, 944, 946, 963, 965, 970, 971, 972], "excluded_lines": [], "start_line": 933}, "trigger_recommendation_generation": {"executed_lines": [], "summary": {"covered_lines": 0, "num_statements": 8, "percent_covered": 0.0, "percent_covered_display": "0", "missing_lines": 8, "excluded_lines": 0, "percent_statements_covered": 0.0, "percent_statements_covered_display": "0"}, "missing_lines": [982, 983, 986, 991, 997, 1003, 1004, 1005], "excluded_lines": [], "start_line": 978}, "": {"executed_lines": [3, 4, 5, 7, 8, 9, 10, 12, 13, 14, 17, 20, 23, 24, 26, 27, 34, 35, 37, 38, 41, 42, 43, 44, 45, 48, 49, 52, 53, 54, 55, 56, 57, 58, 59, 60, 61, 62, 66, 67, 68, 69, 73, 74, 93, 94, 145, 146, 182, 183, 255, 256, 307, 308, 338, 339, 382, 383, 416, 417, 479, 480, 533, 534, 554, 555, 588, 589, 642, 643, 644, 645, 646, 649, 650, 654, 655, 710, 713, 725, 726, 727, 728, 729, 730, 731, 734, 735, 812, 813, 814, 815, 818, 819, 820, 821, 822, 823, 826, 827, 852, 853, 876, 877, 902, 903, 932, 933, 977, 978], "summary": {"covered_lines": 110, "num_statements": 110, "percent_covered": 100.0, "percent_covered_display": "100", "missing_lines": 0, "excluded_lines": 0, "percent_statements_covered": 100.0, "percent_statements_covered_display": "100"}, "missing_lines": [], "excluded_lines": [], "start_line": 1}}, "classes": {"AlertRuleCreateRequest": {"executed_lines": [], "summary": {"covered_lines": 0, "num_statements": 0, "percent_covered": 100.0, "percent_covered_display": "100", "missing_lines": 0, "excluded_lines": 0, "percent_statements_covered": 100.0, "percent_statements_covered_display": "100"}, "missing_lines": [], "excluded_lines": [], "start_line": 41}, "AlertRuleValidationRequest": {"executed_lines": [], "summary": {"covered_lines": 0, "num_statements": 0, "percent_covered": 100.0, "percent_covered_display": "100", "missing_lines": 0, "excluded_lines": 0, "percent_statements_covered": 100.0, "percent_statements_covered_display": "100"}, "missing_lines": [], "excluded_lines": [], "start_line": 48}, "AlertRuleValidationResponse": {"executed_lines": [], "summary": {"covered_lines": 0, "num_statements": 0, "percent_covered": 100.0, "percent_covered_display": "100", "missing_lines": 0, "excluded_lines": 0, "percent_statements_covered": 100.0, "percent_statements_covered_display": "100"}, "missing_lines": [], "excluded_lines": [], "start_line": 52}, "AlertRecommendationResponse": {"executed_lines": [], "summary": {"covered_lines": 0, "num_statements": 0, "percent_covered": 100.0, "percent_covered_display": "100", "missing_lines": 0, "excluded_lines": 0, "percent_statements_covered": 100.0, "percent_statements_covered_display": "100"}, "missing_lines": [], "excluded_lines": [], "start_line": 642}, "RecommendationCategoriesResponse": {"executed_lines": [], "summary": {"covered_lines": 0, "num_statements": 0, "percent_covered": 100.0, "percent_covered_display": "100", "missing_lines": 0, "excluded_lines": 0, "percent_statements_covered": 100.0, "percent_statements_covered_display": "100"}, "missing_lines": [], "excluded_lines": [], "start_line": 649}, "RecommendationCreateRequest": {"executed_lines": [], "summary": {"covered_lines": 0, "num_statements": 0, "percent_covered": 100.0, "percent_covered_display": "100", "missing_lines": 0, "excluded_lines": 0, "percent_statements_covered": 100.0, "percent_statements_covered_display": "100"}, "missing_lines": [], "excluded_lines": [], "start_line": 725}, "BackgroundJobResponse": {"executed_lines": [], "summary": {"covered_lines": 0, "num_statements": 0, "percent_covered": 100.0, "percent_covered_display": "100", "missing_lines": 0, "excluded_lines": 0, "percent_statements_covered": 100.0, "percent_statements_covered_display": "100"}, "missing_lines": [], "excluded_lines": [], "start_line": 812}, "BulkRecommendationResponse": {"executed_lines": [], "summary": {"covered_lines": 0, "num_statements": 0, "percent_covered": 100.0, "percent_covered_display": "100", "missing_lines": 0, "excluded_lines": 0, "percent_statements_covered": 100.0, "percent_statements_covered_display": "100"}, "missing_lines": [], "excluded_lines": [], "start_line": 818}, "": {"executed_lines": [3, 4, 5, 7, 8, 9, 10, 12, 13, 14, 17, 20, 23, 24, 26, 27, 34, 35, 37, 38, 41, 42, 43, 44, 45, 48, 49, 52, 53, 54, 55, 56, 57, 58, 59, 60, 61, 62, 66, 67, 68, 69, 73, 74, 93, 94, 101, 104, 106, 107, 109, 111, 112, 114, 115, 117, 145, 146, 152, 153, 155, 156, 158, 182, 183, 189, 197, 198, 199, 201, 219, 220, 221, 224, 225, 227, 231, 255, 256, 264, 265, 266, 267, 270, 271, 272, 273, 275, 276, 277, 280, 281, 283, 307, 308, 314, 317, 318, 319, 320, 323, 326, 329, 330, 332, 338, 339, 382, 383, 416, 417, 479, 480, 533, 534, 554, 555, 588, 589, 642, 643, 644, 645, 646, 649, 650, 654, 655, 710, 713, 725, 726, 727, 728, 729, 730, 731, 734, 735, 812, 813, 814, 815, 818, 819, 820, 821, 822, 823, 826, 827, 852, 853, 876, 877, 902, 903, 932, 933, 977, 978], "summary": {"covered_lines": 161, "num_statements": 354, "percent_covered": 45.48022598870057, "percent_covered_display": "45", "missing_lines": 193, "excluded_lines": 0, "percent_statements_covered": 45.48022598870057, "percent_statements_covered_display": "45"}, "missing_lines": [80, 81, 83, 86, 87, 88, 89, 90, 228, 229, 346, 348, 349, 351, 352, 354, 355, 357, 358, 360, 389, 392, 394, 395, 397, 424, 425, 426, 427, 430, 433, 434, 435, 437, 448, 450, 451, 453, 454, 456, 457, 458, 460, 488, 491, 492, 493, 496, 497, 498, 499, 500, 502, 504, 505, 506, 511, 512, 514, 540, 543, 544, 545, 547, 548, 550, 561, 564, 566, 595, 597, 598, 599, 600, 602, 604, 605, 608, 609, 610, 612, 613, 614, 615, 617, 619, 620, 621, 624, 625, 626, 628, 629, 630, 631, 633, 634, 635, 663, 664, 667, 668, 673, 674, 677, 679, 680, 683, 684, 687, 691, 694, 695, 696, 698, 701, 703, 704, 705, 715, 716, 717, 718, 719, 720, 741, 742, 744, 745, 750, 754, 755, 761, 762, 765, 783, 784, 785, 787, 801, 802, 803, 804, 805, 833, 834, 836, 837, 839, 844, 845, 846, 859, 860, 862, 863, 865, 869, 870, 871, 884, 885, 887, 888, 889, 891, 910, 911, 913, 914, 918, 920, 925, 926, 927, 940, 941, 943, 944, 946, 963, 965, 970, 971, 972, 982, 983, 986, 991, 997, 1003, 1004, 1005], "excluded_lines": [], "start_line": 1}}}, "src/routes/health.py": {"executed_lines": [5, 7, 9, 12, 13, 20, 22, 25, 26], "summary": {"covered_lines": 9, "num_statements": 15, "percent_covered": 60.0, "percent_covered_display": "60", "missing_lines": 6, "excluded_lines": 0, "percent_statements_covered": 60.0, "percent_statements_covered_display": "60"}, "missing_lines": [14, 16, 17, 28, 37, 43], "excluded_lines": [], "functions": {"health_check": {"executed_lines": [], "summary": {"covered_lines": 0, "num_statements": 3, "percent_covered": 0.0, "percent_covered_display": "0", "missing_lines": 3, "excluded_lines": 0, "percent_statements_covered": 0.0, "percent_statements_covered_display": "0"}, "missing_lines": [28, 37, 43], "excluded_lines": [], "start_line": 26}, "": {"executed_lines": [5, 7, 9, 12, 13, 20, 22, 25, 26], "summary": {"covered_lines": 9, "num_statements": 12, "percent_covered": 75.0, "percent_covered_display": "75", "missing_lines": 3, "excluded_lines": 0, "percent_statements_covered": 75.0, "percent_statements_covered_display": "75"}, "missing_lines": [14, 16, 17], "excluded_lines": [], "start_line": 1}}, "classes": {"": {"executed_lines": [5, 7, 9, 12, 13, 20, 22, 25, 26], "summary": {"covered_lines": 9, "num_statements": 15, "percent_covered": 60.0, "percent_covered_display": "60", "missing_lines": 6, "excluded_lines": 0, "percent_statements_covered": 60.0, "percent_statements_covered_display": "60"}, "missing_lines": [14, 16, 17, 28, 37, 43], "excluded_lines": [], "start_line": 1}}}, "src/routes/settings.py": {"executed_lines": [1, 3, 4, 5, 6, 8, 9, 11, 12, 18, 21, 22, 30, 31, 32, 33, 34, 35, 38, 39, 40, 42, 53, 54, 62, 64, 67, 69, 70, 73, 74, 75, 77, 83, 84, 87, 88, 97, 99, 102, 104, 105, 108, 109, 111, 113, 114, 117, 118, 119, 121, 127, 128, 129], "summary": {"covered_lines": 54, "num_statements": 54, "percent_covered": 100.0, "percent_covered_display": "100", "missing_lines": 0, "excluded_lines": 0, "percent_statements_covered": 100.0, "percent_statements_covered_display": "100"}, "missing_lines": [], "excluded_lines": [], "functions": {"get_smtp_settings": {"executed_lines": [30, 31, 32, 33, 34, 35, 38, 39, 40, 42], "summary": {"covered_lines": 10, "num_statements": 10, "percent_covered": 100.0, "percent_covered_display": "100", "missing_lines": 0, "excluded_lines": 0, "percent_statements_covered": 100.0, "percent_statements_covered_display": "100"}, "missing_lines": [], "excluded_lines": [], "start_line": 22}, "get_sms_settings": {"executed_lines": [62, 64, 67, 69, 70, 73, 74, 75, 77, 83, 84], "summary": {"covered_lines": 11, "num_statements": 11, "percent_covered": 100.0, "percent_covered_display": "100", "missing_lines": 0, "excluded_lines": 0, "percent_statements_covered": 100.0, "percent_statements_covered_display": "100"}, "missing_lines": [], "excluded_lines": [], "start_line": 54}, "update_sms_settings": {"executed_lines": [97, 99, 102, 104, 105, 108, 109, 111, 113, 114, 117, 118, 119, 121, 127, 128, 129], "summary": {"covered_lines": 17, "num_statements": 17, "percent_covered": 100.0, "percent_covered_display": "100", "missing_lines": 0, "excluded_lines": 0, "percent_statements_covered": 100.0, "percent_statements_covered_display": "100"}, "missing_lines": [], "excluded_lines": [], "start_line": 88}, "": {"executed_lines": [1, 3, 4, 5, 6, 8, 9, 11, 12, 18, 21, 22, 53, 54, 87, 88], "summary": {"covered_lines": 16, "num_statements": 16, "percent_covered": 100.0, "percent_covered_display": "100", "missing_lines": 0, "excluded_lines": 0, "percent_statements_covered": 100.0, "percent_statements_covered_display": "100"}, "missing_lines": [], "excluded_lines": [], "start_line": 1}}, "classes": {"": {"executed_lines": [1, 3, 4, 5, 6, 8, 9, 11, 12, 18, 21, 22, 30, 31, 32, 33, 34, 35, 38, 39, 40, 42, 53, 54, 62, 64, 67, 69, 70, 73, 74, 75, 77, 83, 84, 87, 88, 97, 99, 102, 104, 105, 108, 109, 111, 113, 114, 117, 118, 119, 121, 127, 128, 129], "summary": {"covered_lines": 54, "num_statements": 54, "percent_covered": 100.0, "percent_covered_display": "100", "missing_lines": 0, "excluded_lines": 0, "percent_statements_covered": 100.0, "percent_statements_covered_display": "100"}, "missing_lines": [], "excluded_lines": [], "start_line": 1}}}, "src/routes/transactions.py": {"executed_lines": [3, 4, 6, 7, 8, 10, 11, 13, 14, 23, 24, 25, 27, 28, 31, 32, 48, 51, 53, 54, 56, 58, 59, 61, 62, 64, 65, 67, 68, 70, 71, 72, 74, 75, 76, 77, 82, 83, 84, 86, 87, 88, 89, 94, 95, 97, 98, 100, 130, 131, 137, 140, 141, 142, 145, 149, 151, 178, 179, 187, 190, 191, 192, 193, 204, 206, 207, 210, 211, 216, 217, 238, 239, 240, 245, 258, 285, 286, 292, 295, 296, 297, 299, 300, 302, 306, 307, 314, 316, 317, 319, 320, 322, 323, 325, 343, 344, 350, 351, 352, 353, 355, 370, 371, 378, 379, 380, 381, 383, 395, 396, 397, 399, 414, 415, 423, 424, 425, 426, 429, 430, 431, 432, 434, 435, 437, 438, 441, 442, 444, 459, 460, 466, 467, 468, 469, 471, 472, 474, 478, 479, 488, 489, 492, 493, 494, 495, 497, 499, 511, 523, 524, 526, 527, 535, 537, 546, 547, 556, 557, 560, 561, 562, 563, 565, 567, 579, 591, 592, 595, 596, 597, 598, 600, 601, 603, 604, 605, 607, 619, 620, 637, 638], "summary": {"covered_lines": 183, "num_statements": 213, "percent_covered": 85.91549295774648, "percent_covered_display": "86", "missing_lines": 30, "excluded_lines": 0, "percent_statements_covered": 85.91549295774648, "percent_statements_covered_display": "86"}, "missing_lines": [500, 501, 503, 504, 505, 506, 512, 513, 515, 516, 517, 518, 568, 569, 571, 572, 573, 574, 580, 581, 583, 584, 585, 586, 622, 623, 624, 626, 642, 646], "excluded_lines": [], "functions": {"get_transactions": {"executed_lines": [48, 51, 53, 54, 56, 58, 59, 61, 62, 64, 65, 67, 68, 70, 71, 72, 74, 75, 76, 77, 82, 83, 84, 86, 87, 88, 89, 94, 95, 97, 98, 100], "summary": {"covered_lines": 32, "num_statements": 32, "percent_covered": 100.0, "percent_covered_display": "100", "missing_lines": 0, "excluded_lines": 0, "percent_statements_covered": 100.0, "percent_statements_covered_display": "100"}, "missing_lines": [], "excluded_lines": [], "start_line": 32}, "get_transaction": {"executed_lines": [137, 140, 141, 142, 145, 149, 151], "summary": {"covered_lines": 7, "num_statements": 7, "percent_covered": 100.0, "percent_covered_display": "100", "missing_lines": 0, "excluded_lines": 0, "percent_statements_covered": 100.0, "percent_statements_covered_display": "100"}, "missing_lines": [], "excluded_lines": [], "start_line": 131}, "create_transaction": {"executed_lines": [187, 190, 191, 192, 193, 204, 206, 207, 210, 211, 216, 217, 238, 239, 240, 245, 258], "summary": {"covered_lines": 17, "num_statements": 17, "percent_covered": 100.0, "percent_covered_display": "100", "missing_lines": 0, "excluded_lines": 0, "percent_statements_covered": 100.0, "percent_statements_covered_display": "100"}, "missing_lines": [], "excluded_lines": [], "start_line": 179}, "delete_transaction": {"executed_lines": [292, 295, 296, 297, 299, 300, 302], "summary": {"covered_lines": 7, "num_statements": 7, "percent_covered": 100.0, "percent_covered_display": "100", "missing_lines": 0, "excluded_lines": 0, "percent_statements_covered": 100.0, "percent_statements_covered_display": "100"}, "missing_lines": [], "excluded_lines": [], "start_line": 286}, "get_credit_cards": {"executed_lines": [314, 316, 317, 319, 320, 322, 323, 325], "summary": {"covered_lines": 8, "num_statements": 8, "percent_covered": 100.0, "percent_covered_display": "100", "missing_lines": 0, "excluded_lines": 0, "percent_statements_covered": 100.0, "percent_statements_covered_display": "100"}, "missing_lines": [], "excluded_lines": [], "start_line": 307}, "get_credit_card": {"executed_lines": [350, 351, 352, 353, 355], "summary": {"covered_lines": 5, "num_statements": 5, "percent_covered": 100.0, "percent_covered_display": "100", "missing_lines": 0, "excluded_lines": 0, "percent_statements_covered": 100.0, "percent_statements_covered_display": "100"}, "missing_lines": [], "excluded_lines": [], "start_line": 344}, "create_credit_card": {"executed_lines": [378, 379, 380, 381, 383, 395, 396, 397, 399], "summary": {"covered_lines": 9, "num_statements": 9, "percent_covered": 100.0, "percent_covered_display": "100", "missing_lines": 0, "excluded_lines": 0, "percent_statements_covered": 100.0, "percent_statements_covered_display": "100"}, "missing_lines": [], "excluded_lines": [], "start_line": 371}, "update_credit_card": {"executed_lines": [423, 424, 425, 426, 429, 430, 431, 432, 434, 435, 437, 438, 441, 442, 444], "summary": {"covered_lines": 15, "num_statements": 15, "percent_covered": 100.0, "percent_covered_display": "100", "missing_lines": 0, "excluded_lines": 0, "percent_statements_covered": 100.0, "percent_statements_covered_display": "100"}, "missing_lines": [], "excluded_lines": [], "start_line": 415}, "delete_credit_card": {"executed_lines": [466, 467, 468, 469, 471, 472, 474], "summary": {"covered_lines": 7, "num_statements": 7, "percent_covered": 100.0, "percent_covered_display": "100", "missing_lines": 0, "excluded_lines": 0, "percent_statements_covered": 100.0, "percent_statements_covered_display": "100"}, "missing_lines": [], "excluded_lines": [], "start_line": 460}, "get_transaction_summary": {"executed_lines": [488, 489, 492, 493, 494, 495, 497, 499, 511, 523, 524, 526, 527, 535, 537], "summary": {"covered_lines": 15, "num_statements": 27, "percent_covered": 55.55555555555556, "percent_covered_display": "56", "missing_lines": 12, "excluded_lines": 0, "percent_statements_covered": 55.55555555555556, "percent_statements_covered_display": "56"}, "missing_lines": [500, 501, 503, 504, 505, 506, 512, 513, 515, 516, 517, 518], "excluded_lines": [], "start_line": 479}, "get_category_spending": {"executed_lines": [556, 557, 560, 561, 562, 563, 565, 567, 579, 591, 592, 595, 596, 597, 598, 600, 601, 603, 604, 605, 607], "summary": {"covered_lines": 21, "num_statements": 33, "percent_covered": 63.63636363636363, "percent_covered_display": "64", "missing_lines": 12, "excluded_lines": 0, "percent_statements_covered": 63.63636363636363, "percent_statements_covered_display": "64"}, "missing_lines": [568, 569, 571, 572, 573, 574, 580, 581, 583, 584, 585, 586], "excluded_lines": [], "start_line": 547}, "get_job_status": {"executed_lines": [], "summary": {"covered_lines": 0, "num_statements": 4, "percent_covered": 0.0, "percent_covered_display": "0", "missing_lines": 4, "excluded_lines": 0, "percent_statements_covered": 0.0, "percent_statements_covered_display": "0"}, "missing_lines": [622, 623, 624, 626], "excluded_lines": [], "start_line": 620}, "create_alert_job": {"executed_lines": [], "summary": {"covered_lines": 0, "num_statements": 2, "percent_covered": 0.0, "percent_covered_display": "0", "missing_lines": 2, "excluded_lines": 0, "percent_statements_covered": 0.0, "percent_statements_covered_display": "0"}, "missing_lines": [642, 646], "excluded_lines": [], "start_line": 638}, "": {"executed_lines": [3, 4, 6, 7, 8, 10, 11, 13, 14, 23, 24, 25, 27, 28, 31, 32, 130, 131, 178, 179, 285, 286, 306, 307, 343, 344, 370, 371, 414, 415, 459, 460, 478, 479, 546, 547, 619, 620, 637, 638], "summary": {"covered_lines": 40, "num_statements": 40, "percent_covered": 100.0, "percent_covered_display": "100", "missing_lines": 0, "excluded_lines": 0, "percent_statements_covered": 100.0, "percent_statements_covered_display": "100"}, "missing_lines": [], "excluded_lines": [], "start_line": 1}}, "classes": {"": {"executed_lines": [3, 4, 6, 7, 8, 10, 11, 13, 14, 23, 24, 25, 27, 28, 31, 32, 48, 51, 53, 54, 56, 58, 59, 61, 62, 64, 65, 67, 68, 70, 71, 72, 74, 75, 76, 77, 82, 83, 84, 86, 87, 88, 89, 94, 95, 97, 98, 100, 130, 131, 137, 140, 141, 142, 145, 149, 151, 178, 179, 187, 190, 191, 192, 193, 204, 206, 207, 210, 211, 216, 217, 238, 239, 240, 245, 258, 285, 286, 292, 295, 296, 297, 299, 300, 302, 306, 307, 314, 316, 317, 319, 320, 322, 323, 325, 343, 344, 350, 351, 352, 353, 355, 370, 371, 378, 379, 380, 381, 383, 395, 396, 397, 399, 414, 415, 423, 424, 425, 426, 429, 430, 431, 432, 434, 435, 437, 438, 441, 442, 444, 459, 460, 466, 467, 468, 469, 471, 472, 474, 478, 479, 488, 489, 492, 493, 494, 495, 497, 499, 511, 523, 524, 526, 527, 535, 537, 546, 547, 556, 557, 560, 561, 562, 563, 565, 567, 579, 591, 592, 595, 596, 597, 598, 600, 601, 603, 604, 605, 607, 619, 620, 637, 638], "summary": {"covered_lines": 183, "num_statements": 213, "percent_covered": 85.91549295774648, "percent_covered_display": "86", "missing_lines": 30, "excluded_lines": 0, "percent_statements_covered": 85.91549295774648, "percent_statements_covered_display": "86"}, "missing_lines": [500, 501, 503, 504, 505, 506, 512, 513, 515, 516, 517, 518, 568, 569, 571, 572, 573, 574, 580, 581, 583, 584, 585, 586, 622, 623, 624, 626, 642, 646], "excluded_lines": [], "start_line": 1}}}, "src/routes/users.py": {"executed_lines": [2, 3, 6, 7, 8, 9, 10, 11, 14, 15, 17, 18, 20, 23, 24, 25, 26, 27, 30, 31, 32, 33, 34, 37, 38, 39, 40, 41, 42, 45, 46, 47, 48, 49, 50, 51, 52, 53, 56, 59, 62, 65, 70, 71, 79, 80, 85, 86, 88, 90, 91, 93, 113, 114, 115, 120, 122, 125, 127, 128, 131, 134, 139, 142, 147, 149, 152, 183, 184, 189, 190, 198, 199, 200, 203, 207, 209, 214, 215, 217, 248, 249, 255, 257, 260, 261, 265, 272, 273, 274, 276, 304, 308, 309, 316, 318, 326, 327, 328, 331, 335, 338, 339, 342, 343, 348, 349, 350, 351, 353, 354, 357, 358, 360, 361, 363, 364, 366, 394, 398, 399, 405, 407, 408, 409, 410, 413, 414, 416, 417, 421, 422, 428, 429, 431, 434, 435, 449, 450, 458, 460, 464, 467, 468, 469, 470, 472, 474, 475, 476, 478, 479, 481, 497, 501, 502, 509, 511, 515, 518, 519, 520, 521, 523, 525, 527, 530, 531, 533, 548, 552, 553, 559, 561, 562, 563, 564, 566, 567, 569, 570, 572, 573, 577, 578, 584, 586, 587, 588, 589, 591, 592, 594, 595, 597, 598, 602, 603, 609, 610, 613, 616, 617, 619, 620, 623, 624, 625, 626, 627, 628, 630, 632, 643, 644, 645, 648, 649, 650], "summary": {"covered_lines": 219, "num_statements": 231, "percent_covered": 94.8051948051948, "percent_covered_display": "95", "missing_lines": 12, "excluded_lines": 0, "percent_statements_covered": 94.8051948051948, "percent_statements_covered_display": "95"}, "missing_lines": [109, 110, 150, 211, 305, 395, 418, 498, 528, 549, 574, 599], "excluded_lines": [], "functions": {"get_users": {"executed_lines": [79, 80, 85, 86, 88, 90, 91, 93], "summary": {"covered_lines": 8, "num_statements": 10, "percent_covered": 80.0, "percent_covered_display": "80", "missing_lines": 2, "excluded_lines": 0, "percent_statements_covered": 80.0, "percent_statements_covered_display": "80"}, "missing_lines": [109, 110], "excluded_lines": [], "start_line": 71}, "get_current_user_profile": {"executed_lines": [120, 122, 125, 127, 128, 131, 134, 139, 142, 147, 149, 152], "summary": {"covered_lines": 12, "num_statements": 13, "percent_covered": 92.3076923076923, "percent_covered_display": "92", "missing_lines": 1, "excluded_lines": 0, "percent_statements_covered": 92.3076923076923, "percent_statements_covered_display": "92"}, "missing_lines": [150], "excluded_lines": [], "start_line": 115}, "get_user": {"executed_lines": [189, 190, 198, 199, 200, 203, 207, 209, 214, 215, 217], "summary": {"covered_lines": 11, "num_statements": 12, "percent_covered": 91.66666666666667, "percent_covered_display": "92", "missing_lines": 1, "excluded_lines": 0, "percent_statements_covered": 91.66666666666667, "percent_statements_covered_display": "92"}, "missing_lines": [211], "excluded_lines": [], "start_line": 184}, "create_user": {"executed_lines": [255, 257, 260, 261, 265, 272, 273, 274, 276, 304], "summary": {"covered_lines": 10, "num_statements": 11, "percent_covered": 90.9090909090909, "percent_covered_display": "91", "missing_lines": 1, "excluded_lines": 0, "percent_statements_covered": 90.9090909090909, "percent_statements_covered_display": "91"}, "missing_lines": [305], "excluded_lines": [], "start_line": 249}, "update_user": {"executed_lines": [316, 318, 326, 327, 328, 331, 335, 338, 339, 342, 343, 348, 349, 350, 351, 353, 354, 357, 358, 360, 361, 363, 364, 366, 394], "summary": {"covered_lines": 25, "num_statements": 26, "percent_covered": 96.15384615384616, "percent_covered_display": "96", "missing_lines": 1, "excluded_lines": 0, "percent_statements_covered": 96.15384615384616, "percent_statements_covered_display": "96"}, "missing_lines": [395], "excluded_lines": [], "start_line": 309}, "delete_user": {"executed_lines": [405, 407, 408, 409, 410, 413, 414, 416, 417], "summary": {"covered_lines": 9, "num_statements": 10, "percent_covered": 90.0, "percent_covered_display": "90", "missing_lines": 1, "excluded_lines": 0, "percent_statements_covered": 90.0, "percent_statements_covered_display": "90"}, "missing_lines": [418], "excluded_lines": [], "start_line": 399}, "get_user_rules": {"executed_lines": [428, 429, 431, 434, 435], "summary": {"covered_lines": 5, "num_statements": 5, "percent_covered": 100.0, "percent_covered_display": "100", "missing_lines": 0, "excluded_lines": 0, "percent_statements_covered": 100.0, "percent_statements_covered_display": "100"}, "missing_lines": [], "excluded_lines": [], "start_line": 422}, "get_user_transactions": {"executed_lines": [458, 460, 464, 467, 468, 469, 470, 472, 474, 475, 476, 478, 479, 481, 497], "summary": {"covered_lines": 15, "num_statements": 16, "percent_covered": 93.75, "percent_covered_display": "94", "missing_lines": 1, "excluded_lines": 0, "percent_statements_covered": 93.75, "percent_statements_covered_display": "94"}, "missing_lines": [498], "excluded_lines": [], "start_line": 450}, "get_user_credit_cards": {"executed_lines": [509, 511, 515, 518, 519, 520, 521, 523, 525, 527, 530, 531, 533, 548], "summary": {"covered_lines": 14, "num_statements": 16, "percent_covered": 87.5, "percent_covered_display": "88", "missing_lines": 2, "excluded_lines": 0, "percent_statements_covered": 87.5, "percent_statements_covered_display": "88"}, "missing_lines": [528, 549], "excluded_lines": [], "start_line": 502}, "deactivate_user": {"executed_lines": [559, 561, 562, 563, 564, 566, 567, 569, 570, 572, 573], "summary": {"covered_lines": 11, "num_statements": 12, "percent_covered": 91.66666666666667, "percent_covered_display": "92", "missing_lines": 1, "excluded_lines": 0, "percent_statements_covered": 91.66666666666667, "percent_statements_covered_display": "92"}, "missing_lines": [574], "excluded_lines": [], "start_line": 553}, "activate_user": {"executed_lines": [584, 586, 587, 588, 589, 591, 592, 594, 595, 597, 598], "summary": {"covered_lines": 11, "num_statements": 12, "percent_covered": 91.66666666666667, "percent_covered_display": "92", "missing_lines": 1, "excluded_lines": 0, "percent_statements_covered": 91.66666666666667, "percent_statements_covered_display": "92"}, "missing_lines": [599], "excluded_lines": [], "start_line": 578}, "update_user_location": {"executed_lines": [609, 610, 613, 616, 617, 619, 620, 623, 624, 625, 626, 627, 628, 630, 632, 643, 644, 645, 648, 649, 650], "summary": {"covered_lines": 21, "num_statements": 21, "percent_covered": 100.0, "percent_covered_display": "100", "missing_lines": 0, "excluded_lines": 0, "percent_statements_covered": 100.0, "percent_statements_covered_display": "100"}, "missing_lines": [], "excluded_lines": [], "start_line": 603}, "": {"executed_lines": [2, 3, 6, 7, 8, 9, 10, 11, 14, 15, 17, 18, 20, 23, 24, 25, 26, 27, 30, 31, 32, 33, 34, 37, 38, 39, 40, 41, 42, 45, 46, 47, 48, 49, 50, 51, 52, 53, 56, 59, 62, 65, 70, 71, 113, 114, 115, 183, 184, 248, 249, 308, 309, 398, 399, 421, 422, 449, 450, 501, 502, 552, 553, 577, 578, 602, 603], "summary": {"covered_lines": 67, "num_statements": 67, "percent_covered": 100.0, "percent_covered_display": "100", "missing_lines": 0, "excluded_lines": 0, "percent_statements_covered": 100.0, "percent_statements_covered_display": "100"}, "missing_lines": [], "excluded_lines": [], "start_line": 1}}, "classes": {"LocationUpdateRequest": {"executed_lines": [], "summary": {"covered_lines": 0, "num_statements": 0, "percent_covered": 100.0, "percent_covered_display": "100", "missing_lines": 0, "excluded_lines": 0, "percent_statements_covered": 100.0, "percent_statements_covered_display": "100"}, "missing_lines": [], "excluded_lines": [], "start_line": 23}, "UserCreate": {"executed_lines": [], "summary": {"covered_lines": 0, "num_statements": 0, "percent_covered": 100.0, "percent_covered_display": "100", "missing_lines": 0, "excluded_lines": 0, "percent_statements_covered": 100.0, "percent_statements_covered_display": "100"}, "missing_lines": [], "excluded_lines": [], "start_line": 30}, "UserUpdate": {"executed_lines": [], "summary": {"covered_lines": 0, "num_statements": 0, "percent_covered": 100.0, "percent_covered_display": "100", "missing_lines": 0, "excluded_lines": 0, "percent_statements_covered": 100.0, "percent_statements_covered_display": "100"}, "missing_lines": [], "excluded_lines": [], "start_line": 37}, "": {"executed_lines": [2, 3, 6, 7, 8, 9, 10, 11, 14, 15, 17, 18, 20, 23, 24, 25, 26, 27, 30, 31, 32, 33, 34, 37, 38, 39, 40, 41, 42, 45, 46, 47, 48, 49, 50, 51, 52, 53, 56, 59, 62, 65, 70, 71, 79, 80, 85, 86, 88, 90, 91, 93, 113, 114, 115, 120, 122, 125, 127, 128, 131, 134, 139, 142, 147, 149, 152, 183, 184, 189, 190, 198, 199, 200, 203, 207, 209, 214, 215, 217, 248, 249, 255, 257, 260, 261, 265, 272, 273, 274, 276, 304, 308, 309, 316, 318, 326, 327, 328, 331, 335, 338, 339, 342, 343, 348, 349, 350, 351, 353, 354, 357, 358, 360, 361, 363, 364, 366, 394, 398, 399, 405, 407, 408, 409, 410, 413, 414, 416, 417, 421, 422, 428, 429, 431, 434, 435, 449, 450, 458, 460, 464, 467, 468, 469, 470, 472, 474, 475, 476, 478, 479, 481, 497, 501, 502, 509, 511, 515, 518, 519, 520, 521, 523, 525, 527, 530, 531, 533, 548, 552, 553, 559, 561, 562, 563, 564, 566, 567, 569, 570, 572, 573, 577, 578, 584, 586, 587, 588, 589, 591, 592, 594, 595, 597, 598, 602, 603, 609, 610, 613, 616, 617, 619, 620, 623, 624, 625, 626, 627, 628, 630, 632, 643, 644, 645, 648, 649, 650], "summary": {"covered_lines": 219, "num_statements": 231, "percent_covered": 94.8051948051948, "percent_covered_display": "95", "missing_lines": 12, "excluded_lines": 0, "percent_statements_covered": 94.8051948051948, "percent_statements_covered_display": "95"}, "missing_lines": [109, 110, 150, 211, 305, 395, 418, 498, 528, 549, 574, 599], "excluded_lines": [], "start_line": 1}}}, "src/routes/websocket.py": {"executed_lines": [3, 4, 6, 7, 9, 11, 15, 16, 17, 18, 20, 43, 50, 62, 67, 70, 71, 86], "summary": {"covered_lines": 18, "num_statements": 60, "percent_covered": 30.0, "percent_covered_display": "30", "missing_lines": 42, "excluded_lines": 0, "percent_statements_covered": 30.0, "percent_statements_covered_display": "30"}, "missing_lines": [22, 26, 27, 28, 29, 30, 31, 32, 34, 35, 36, 37, 38, 44, 45, 46, 47, 48, 51, 53, 54, 55, 56, 57, 58, 59, 60, 63, 64, 72, 73, 74, 76, 78, 79, 80, 81, 82, 83, 89, 90, 96], "excluded_lines": [], "functions": {"ConnectionManager.__init__": {"executed_lines": [17, 18], "summary": {"covered_lines": 2, "num_statements": 2, "percent_covered": 100.0, "percent_covered_display": "100", "missing_lines": 0, "excluded_lines": 0, "percent_statements_covered": 100.0, "percent_statements_covered_display": "100"}, "missing_lines": [], "excluded_lines": [], "start_line": 16}, "ConnectionManager.connect": {"executed_lines": [], "summary": {"covered_lines": 0, "num_statements": 13, "percent_covered": 0.0, "percent_covered_display": "0", "missing_lines": 13, "excluded_lines": 0, "percent_statements_covered": 0.0, "percent_statements_covered_display": "0"}, "missing_lines": [22, 26, 27, 28, 29, 30, 31, 32, 34, 35, 36, 37, 38], "excluded_lines": [], "start_line": 20}, "ConnectionManager.disconnect": {"executed_lines": [], "summary": {"covered_lines": 0, "num_statements": 5, "percent_covered": 0.0, "percent_covered_display": "0", "missing_lines": 5, "excluded_lines": 0, "percent_statements_covered": 0.0, "percent_statements_covered_display": "0"}, "missing_lines": [44, 45, 46, 47, 48], "excluded_lines": [], "start_line": 43}, "ConnectionManager.send_personal_message": {"executed_lines": [], "summary": {"covered_lines": 0, "num_statements": 9, "percent_covered": 0.0, "percent_covered_display": "0", "missing_lines": 9, "excluded_lines": 0, "percent_statements_covered": 0.0, "percent_statements_covered_display": "0"}, "missing_lines": [51, 53, 54, 55, 56, 57, 58, 59, 60], "excluded_lines": [], "start_line": 50}, "ConnectionManager.broadcast": {"executed_lines": [], "summary": {"covered_lines": 0, "num_statements": 2, "percent_covered": 0.0, "percent_covered_display": "0", "missing_lines": 2, "excluded_lines": 0, "percent_statements_covered": 0.0, "percent_statements_covered_display": "0"}, "missing_lines": [63, 64], "excluded_lines": [], "start_line": 62}, "websocket_endpoint": {"executed_lines": [], "summary": {"covered_lines": 0, "num_statements": 10, "percent_covered": 0.0, "percent_covered_display": "0", "missing_lines": 10, "excluded_lines": 0, "percent_statements_covered": 0.0, "percent_statements_covered_display": "0"}, "missing_lines": [72, 73, 74, 76, 78, 79, 80, 81, 82, 83], "excluded_lines": [], "start_line": 71}, "notify_recommendations_ready": {"executed_lines": [], "summary": {"covered_lines": 0, "num_statements": 3, "percent_covered": 0.0, "percent_covered_display": "0", "missing_lines": 3, "excluded_lines": 0, "percent_statements_covered": 0.0, "percent_statements_covered_display": "0"}, "missing_lines": [89, 90, 96], "excluded_lines": [], "start_line": 86}, "": {"executed_lines": [3, 4, 6, 7, 9, 11, 15, 16, 20, 43, 50, 62, 67, 70, 71, 86], "summary": {"covered_lines": 16, "num_statements": 16, "percent_covered": 100.0, "percent_covered_display": "100", "missing_lines": 0, "excluded_lines": 0, "percent_statements_covered": 100.0, "percent_statements_covered_display": "100"}, "missing_lines": [], "excluded_lines": [], "start_line": 1}}, "classes": {"ConnectionManager": {"executed_lines": [17, 18], "summary": {"covered_lines": 2, "num_statements": 31, "percent_covered": 6.451612903225806, "percent_covered_display": "6", "missing_lines": 29, "excluded_lines": 0, "percent_statements_covered": 6.451612903225806, "percent_statements_covered_display": "6"}, "missing_lines": [22, 26, 27, 28, 29, 30, 31, 32, 34, 35, 36, 37, 38, 44, 45, 46, 47, 48, 51, 53, 54, 55, 56, 57, 58, 59, 60, 63, 64], "excluded_lines": [], "start_line": 15}, "": {"executed_lines": [3, 4, 6, 7, 9, 11, 15, 16, 20, 43, 50, 62, 67, 70, 71, 86], "summary": {"covered_lines": 16, "num_statements": 29, "percent_covered": 55.172413793103445, "percent_covered_display": "55", "missing_lines": 13, "excluded_lines": 0, "percent_statements_covered": 55.172413793103445, "percent_statements_covered_display": "55"}, "missing_lines": [72, 73, 74, 76, 78, 79, 80, 81, 82, 83, 89, 90, 96], "excluded_lines": [], "start_line": 1}}}, "src/schemas/__init__.py": {"executed_lines": [], "summary": {"covered_lines": 0, "num_statements": 0, "percent_covered": 100.0, "percent_covered_display": "100", "missing_lines": 0, "excluded_lines": 0, "percent_statements_covered": 100.0, "percent_statements_covered_display": "100"}, "missing_lines": [], "excluded_lines": [], "functions": {"": {"executed_lines": [], "summary": {"covered_lines": 0, "num_statements": 0, "percent_covered": 100.0, "percent_covered_display": "100", "missing_lines": 0, "excluded_lines": 0, "percent_statements_covered": 100.0, "percent_statements_covered_display": "100"}, "missing_lines": [], "excluded_lines": [], "start_line": 1}}, "classes": {"": {"executed_lines": [], "summary": {"covered_lines": 0, "num_statements": 0, "percent_covered": 100.0, "percent_covered_display": "100", "missing_lines": 0, "excluded_lines": 0, "percent_statements_covered": 100.0, "percent_statements_covered_display": "100"}, "missing_lines": [], "excluded_lines": [], "start_line": 1}}}, "src/schemas/alert.py": {"executed_lines": [1, 3, 6, 7, 8, 9, 10, 11, 12, 13, 16, 17, 18, 19, 20, 23, 24, 25, 26, 27, 28, 32, 33, 34, 35, 36, 37, 40, 43, 44, 45, 48, 51, 54, 59, 60, 63, 64, 65, 66, 67, 68, 69, 70, 71, 72, 73, 74, 75, 78, 79, 80, 81, 82, 83, 84, 88, 89, 90, 91, 94, 97, 98, 99, 100, 103, 104, 105, 106, 107, 108, 109, 110, 113, 114, 115, 116, 117, 118, 119, 120, 121, 122], "summary": {"covered_lines": 83, "num_statements": 83, "percent_covered": 100.0, "percent_covered_display": "100", "missing_lines": 0, "excluded_lines": 0, "percent_statements_covered": 100.0, "percent_statements_covered_display": "100"}, "missing_lines": [], "excluded_lines": [], "functions": {"": {"executed_lines": [1, 3, 6, 7, 8, 9, 10, 11, 12, 13, 16, 17, 18, 19, 20, 23, 24, 25, 26, 27, 28, 32, 33, 34, 35, 36, 37, 40, 43, 44, 45, 48, 51, 54, 59, 60, 63, 64, 65, 66, 67, 68, 69, 70, 71, 72, 73, 74, 75, 78, 79, 80, 81, 82, 83, 84, 88, 89, 90, 91, 94, 97, 98, 99, 100, 103, 104, 105, 106, 107, 108, 109, 110, 113, 114, 115, 116, 117, 118, 119, 120, 121, 122], "summary": {"covered_lines": 83, "num_statements": 83, "percent_covered": 100.0, "percent_covered_display": "100", "missing_lines": 0, "excluded_lines": 0, "percent_statements_covered": 100.0, "percent_statements_covered_display": "100"}, "missing_lines": [], "excluded_lines": [], "start_line": 1}}, "classes": {"AlertType": {"executed_lines": [], "summary": {"covered_lines": 0, "num_statements": 0, "percent_covered": 100.0, "percent_covered_display": "100", "missing_lines": 0, "excluded_lines": 0, "percent_statements_covered": 100.0, "percent_statements_covered_display": "100"}, "missing_lines": [], "excluded_lines": [], "start_line": 6}, "NotificationMethod": {"executed_lines": [], "summary": {"covered_lines": 0, "num_statements": 0, "percent_covered": 100.0, "percent_covered_display": "100", "missing_lines": 0, "excluded_lines": 0, "percent_statements_covered": 100.0, "percent_statements_covered_display": "100"}, "missing_lines": [], "excluded_lines": [], "start_line": 16}, "NotificationStatus": {"executed_lines": [], "summary": {"covered_lines": 0, "num_statements": 0, "percent_covered": 100.0, "percent_covered_display": "100", "missing_lines": 0, "excluded_lines": 0, "percent_statements_covered": 100.0, "percent_statements_covered_display": "100"}, "missing_lines": [], "excluded_lines": [], "start_line": 23}, "AlertRuleBase": {"executed_lines": [], "summary": {"covered_lines": 0, "num_statements": 0, "percent_covered": 100.0, "percent_covered_display": "100", "missing_lines": 0, "excluded_lines": 0, "percent_statements_covered": 100.0, "percent_statements_covered_display": "100"}, "missing_lines": [], "excluded_lines": [], "start_line": 32}, "AlertRuleCreate": {"executed_lines": [], "summary": {"covered_lines": 0, "num_statements": 0, "percent_covered": 100.0, "percent_covered_display": "100", "missing_lines": 0, "excluded_lines": 0, "percent_statements_covered": 100.0, "percent_statements_covered_display": "100"}, "missing_lines": [], "excluded_lines": [], "start_line": 59}, "AlertRuleUpdate": {"executed_lines": [], "summary": {"covered_lines": 0, "num_statements": 0, "percent_covered": 100.0, "percent_covered_display": "100", "missing_lines": 0, "excluded_lines": 0, "percent_statements_covered": 100.0, "percent_statements_covered_display": "100"}, "missing_lines": [], "excluded_lines": [], "start_line": 63}, "AlertRuleOut": {"executed_lines": [], "summary": {"covered_lines": 0, "num_statements": 0, "percent_covered": 100.0, "percent_covered_display": "100", "missing_lines": 0, "excluded_lines": 0, "percent_statements_covered": 100.0, "percent_statements_covered_display": "100"}, "missing_lines": [], "excluded_lines": [], "start_line": 78}, "AlertNotificationBase": {"executed_lines": [], "summary": {"covered_lines": 0, "num_statements": 0, "percent_covered": 100.0, "percent_covered_display": "100", "missing_lines": 0, "excluded_lines": 0, "percent_statements_covered": 100.0, "percent_statements_covered_display": "100"}, "missing_lines": [], "excluded_lines": [], "start_line": 88}, "AlertNotificationCreate": {"executed_lines": [], "summary": {"covered_lines": 0, "num_statements": 0, "percent_covered": 100.0, "percent_covered_display": "100", "missing_lines": 0, "excluded_lines": 0, "percent_statements_covered": 100.0, "percent_statements_covered_display": "100"}, "missing_lines": [], "excluded_lines": [], "start_line": 97}, "AlertNotificationUpdate": {"executed_lines": [], "summary": {"covered_lines": 0, "num_statements": 0, "percent_covered": 100.0, "percent_covered_display": "100", "missing_lines": 0, "excluded_lines": 0, "percent_statements_covered": 100.0, "percent_statements_covered_display": "100"}, "missing_lines": [], "excluded_lines": [], "start_line": 103}, "AlertNotificationOut": {"executed_lines": [], "summary": {"covered_lines": 0, "num_statements": 0, "percent_covered": 100.0, "percent_covered_display": "100", "missing_lines": 0, "excluded_lines": 0, "percent_statements_covered": 100.0, "percent_statements_covered_display": "100"}, "missing_lines": [], "excluded_lines": [], "start_line": 113}, "": {"executed_lines": [1, 3, 6, 7, 8, 9, 10, 11, 12, 13, 16, 17, 18, 19, 20, 23, 24, 25, 26, 27, 28, 32, 33, 34, 35, 36, 37, 40, 43, 44, 45, 48, 51, 54, 59, 60, 63, 64, 65, 66, 67, 68, 69, 70, 71, 72, 73, 74, 75, 78, 79, 80, 81, 82, 83, 84, 88, 89, 90, 91, 94, 97, 98, 99, 100, 103, 104, 105, 106, 107, 108, 109, 110, 113, 114, 115, 116, 117, 118, 119, 120, 121, 122], "summary": {"covered_lines": 83, "num_statements": 83, "percent_covered": 100.0, "percent_covered_display": "100", "missing_lines": 0, "excluded_lines": 0, "percent_statements_covered": 100.0, "percent_statements_covered_display": "100"}, "missing_lines": [], "excluded_lines": [], "start_line": 1}}}, "src/schemas/health.py": {"executed_lines": [5, 8, 11, 12, 13, 14, 15], "summary": {"covered_lines": 7, "num_statements": 7, "percent_covered": 100.0, "percent_covered_display": "100", "missing_lines": 0, "excluded_lines": 0, "percent_statements_covered": 100.0, "percent_statements_covered_display": "100"}, "missing_lines": [], "excluded_lines": [], "functions": {"": {"executed_lines": [5, 8, 11, 12, 13, 14, 15], "summary": {"covered_lines": 7, "num_statements": 7, "percent_covered": 100.0, "percent_covered_display": "100", "missing_lines": 0, "excluded_lines": 0, "percent_statements_covered": 100.0, "percent_statements_covered_display": "100"}, "missing_lines": [], "excluded_lines": [], "start_line": 1}}, "classes": {"HealthResponse": {"executed_lines": [], "summary": {"covered_lines": 0, "num_statements": 0, "percent_covered": 100.0, "percent_covered_display": "100", "missing_lines": 0, "excluded_lines": 0, "percent_statements_covered": 100.0, "percent_statements_covered_display": "100"}, "missing_lines": [], "excluded_lines": [], "start_line": 8}, "": {"executed_lines": [5, 8, 11, 12, 13, 14, 15], "summary": {"covered_lines": 7, "num_statements": 7, "percent_covered": 100.0, "percent_covered_display": "100", "missing_lines": 0, "excluded_lines": 0, "percent_statements_covered": 100.0, "percent_statements_covered_display": "100"}, "missing_lines": [], "excluded_lines": [], "start_line": 1}}}, "src/schemas/settings.py": {"executed_lines": [1, 4, 5, 6, 7, 8, 9, 10, 11, 14, 15, 18, 23, 24, 25, 26], "summary": {"covered_lines": 16, "num_statements": 16, "percent_covered": 100.0, "percent_covered_display": "100", "missing_lines": 0, "excluded_lines": 0, "percent_statements_covered": 100.0, "percent_statements_covered_display": "100"}, "missing_lines": [], "excluded_lines": [], "functions": {"": {"executed_lines": [1, 4, 5, 6, 7, 8, 9, 10, 11, 14, 15, 18, 23, 24, 25, 26], "summary": {"covered_lines": 16, "num_statements": 16, "percent_covered": 100.0, "percent_covered_display": "100", "missing_lines": 0, "excluded_lines": 0, "percent_statements_covered": 100.0, "percent_statements_covered_display": "100"}, "missing_lines": [], "excluded_lines": [], "start_line": 1}}, "classes": {"SMTPConfigResponse": {"executed_lines": [], "summary": {"covered_lines": 0, "num_statements": 0, "percent_covered": 100.0, "percent_covered_display": "100", "missing_lines": 0, "excluded_lines": 0, "percent_statements_covered": 100.0, "percent_statements_covered_display": "100"}, "missing_lines": [], "excluded_lines": [], "start_line": 4}, "SMSSettingsUpdate": {"executed_lines": [], "summary": {"covered_lines": 0, "num_statements": 0, "percent_covered": 100.0, "percent_covered_display": "100", "missing_lines": 0, "excluded_lines": 0, "percent_statements_covered": 100.0, "percent_statements_covered_display": "100"}, "missing_lines": [], "excluded_lines": [], "start_line": 14}, "SMSSettingsResponse": {"executed_lines": [], "summary": {"covered_lines": 0, "num_statements": 0, "percent_covered": 100.0, "percent_covered_display": "100", "missing_lines": 0, "excluded_lines": 0, "percent_statements_covered": 100.0, "percent_statements_covered_display": "100"}, "missing_lines": [], "excluded_lines": [], "start_line": 23}, "": {"executed_lines": [1, 4, 5, 6, 7, 8, 9, 10, 11, 14, 15, 18, 23, 24, 25, 26], "summary": {"covered_lines": 16, "num_statements": 16, "percent_covered": 100.0, "percent_covered_display": "100", "missing_lines": 0, "excluded_lines": 0, "percent_statements_covered": 100.0, "percent_statements_covered_display": "100"}, "missing_lines": [], "excluded_lines": [], "start_line": 1}}}, "src/schemas/transaction.py": {"executed_lines": [1, 3, 6, 7, 8, 9, 10, 11, 12, 15, 16, 17, 18, 19, 20, 24, 25, 26, 27, 28, 29, 30, 33, 36, 37, 38, 39, 40, 41, 42, 45, 46, 49, 50, 51, 52, 55, 56, 57, 58, 59, 60, 61, 64, 67, 68, 69, 70, 71, 72, 73, 74, 75, 78, 79, 80, 81, 82, 83, 87, 88, 89, 90, 91, 92, 93, 94, 97, 98, 101, 102, 103, 106, 107, 108, 111, 112, 115, 116, 117, 118, 119, 123, 124, 125, 126, 127, 128, 131, 132, 133, 134, 137, 142, 143, 144, 145, 146, 149, 150, 156, 157, 158, 159, 162, 163, 166, 169, 170, 171, 172, 173, 177, 178, 181, 182, 185, 186, 187, 188, 189, 193, 194, 195, 196, 197, 200, 201, 202, 203, 204, 208, 209, 210, 211, 214, 215, 216, 217, 218, 221, 222, 227, 228, 229, 230, 231, 234, 235], "summary": {"covered_lines": 149, "num_statements": 149, "percent_covered": 100.0, "percent_covered_display": "100", "missing_lines": 0, "excluded_lines": 0, "percent_statements_covered": 100.0, "percent_statements_covered_display": "100"}, "missing_lines": [], "excluded_lines": [], "functions": {"": {"executed_lines": [1, 3, 6, 7, 8, 9, 10, 11, 12, 15, 16, 17, 18, 19, 20, 24, 25, 26, 27, 28, 29, 30, 33, 36, 37, 38, 39, 40, 41, 42, 45, 46, 49, 50, 51, 52, 55, 56, 57, 58, 59, 60, 61, 64, 67, 68, 69, 70, 71, 72, 73, 74, 75, 78, 79, 80, 81, 82, 83, 87, 88, 89, 90, 91, 92, 93, 94, 97, 98, 101, 102, 103, 106, 107, 108, 111, 112, 115, 116, 117, 118, 119, 123, 124, 125, 126, 127, 128, 131, 132, 133, 134, 137, 142, 143, 144, 145, 146, 149, 150, 156, 157, 158, 159, 162, 163, 166, 169, 170, 171, 172, 173, 177, 178, 181, 182, 185, 186, 187, 188, 189, 193, 194, 195, 196, 197, 200, 201, 202, 203, 204, 208, 209, 210, 211, 214, 215, 216, 217, 218, 221, 222, 227, 228, 229, 230, 231, 234, 235], "summary": {"covered_lines": 149, "num_statements": 149, "percent_covered": 100.0, "percent_covered_display": "100", "missing_lines": 0, "excluded_lines": 0, "percent_statements_covered": 100.0, "percent_statements_covered_display": "100"}, "missing_lines": [], "excluded_lines": [], "start_line": 1}}, "classes": {"TransactionType": {"executed_lines": [], "summary": {"covered_lines": 0, "num_statements": 0, "percent_covered": 100.0, "percent_covered_display": "100", "missing_lines": 0, "excluded_lines": 0, "percent_statements_covered": 100.0, "percent_statements_covered_display": "100"}, "missing_lines": [], "excluded_lines": [], "start_line": 6}, "TransactionStatus": {"executed_lines": [], "summary": {"covered_lines": 0, "num_statements": 0, "percent_covered": 100.0, "percent_covered_display": "100", "missing_lines": 0, "excluded_lines": 0, "percent_statements_covered": 100.0, "percent_statements_covered_display": "100"}, "missing_lines": [], "excluded_lines": [], "start_line": 15}, "TransactionBase": {"executed_lines": [], "summary": {"covered_lines": 0, "num_statements": 0, "percent_covered": 100.0, "percent_covered_display": "100", "missing_lines": 0, "excluded_lines": 0, "percent_statements_covered": 100.0, "percent_statements_covered_display": "100"}, "missing_lines": [], "excluded_lines": [], "start_line": 24}, "TransactionCreate": {"executed_lines": [], "summary": {"covered_lines": 0, "num_statements": 0, "percent_covered": 100.0, "percent_covered_display": "100", "missing_lines": 0, "excluded_lines": 0, "percent_statements_covered": 100.0, "percent_statements_covered_display": "100"}, "missing_lines": [], "excluded_lines": [], "start_line": 49}, "TransactionUpdate": {"executed_lines": [], "summary": {"covered_lines": 0, "num_statements": 0, "percent_covered": 100.0, "percent_covered_display": "100", "missing_lines": 0, "excluded_lines": 0, "percent_statements_covered": 100.0, "percent_statements_covered_display": "100"}, "missing_lines": [], "excluded_lines": [], "start_line": 55}, "TransactionOut": {"executed_lines": [], "summary": {"covered_lines": 0, "num_statements": 0, "percent_covered": 100.0, "percent_covered_display": "100", "missing_lines": 0, "excluded_lines": 0, "percent_statements_covered": 100.0, "percent_statements_covered_display": "100"}, "missing_lines": [], "excluded_lines": [], "start_line": 78}, "CreditCardBase": {"executed_lines": [], "summary": {"covered_lines": 0, "num_statements": 0, "percent_covered": 100.0, "percent_covered_display": "100", "missing_lines": 0, "excluded_lines": 0, "percent_statements_covered": 100.0, "percent_statements_covered_display": "100"}, "missing_lines": [], "excluded_lines": [], "start_line": 87}, "CreditCardCreate": {"executed_lines": [], "summary": {"covered_lines": 0, "num_statements": 0, "percent_covered": 100.0, "percent_covered_display": "100", "missing_lines": 0, "excluded_lines": 0, "percent_statements_covered": 100.0, "percent_statements_covered_display": "100"}, "missing_lines": [], "excluded_lines": [], "start_line": 97}, "CreditCardUpdate": {"executed_lines": [], "summary": {"covered_lines": 0, "num_statements": 0, "percent_covered": 100.0, "percent_covered_display": "100", "missing_lines": 0, "excluded_lines": 0, "percent_statements_covered": 100.0, "percent_statements_covered_display": "100"}, "missing_lines": [], "excluded_lines": [], "start_line": 101}, "CreditCardOut": {"executed_lines": [], "summary": {"covered_lines": 0, "num_statements": 0, "percent_covered": 100.0, "percent_covered_display": "100", "missing_lines": 0, "excluded_lines": 0, "percent_statements_covered": 100.0, "percent_statements_covered_display": "100"}, "missing_lines": [], "excluded_lines": [], "start_line": 115}, "TransactionSummary": {"executed_lines": [], "summary": {"covered_lines": 0, "num_statements": 0, "percent_covered": 100.0, "percent_covered_display": "100", "missing_lines": 0, "excluded_lines": 0, "percent_statements_covered": 100.0, "percent_statements_covered_
[...]
_covered": 0.0, "percent_covered_display": "0", "missing_lines": 1, "excluded_lines": 0, "percent_statements_covered": 0.0, "percent_statements_covered_display": "0"}, "missing_lines": [115], "excluded_lines": [], "start_line": 113}, "RecommendationMetricsCollector.clear_old_metrics": {"executed_lines": [], "summary": {"covered_lines": 0, "num_statements": 2, "percent_covered": 0.0, "percent_covered_display": "0", "missing_lines": 2, "excluded_lines": 0, "percent_statements_covered": 0.0, "percent_statements_covered_display": "0"}, "missing_lines": [119, 120], "excluded_lines": [], "start_line": 117}, "": {"executed_lines": [3, 4, 5, 6, 8, 11, 12, 15, 16, 17, 18, 19, 20, 21, 22, 23, 24, 25, 26, 28, 33, 36, 40, 44, 74, 113, 117, 124], "summary": {"covered_lines": 28, "num_statements": 28, "percent_covered": 100.0, "percent_covered_display": "100", "missing_lines": 0, "excluded_lines": 0, "percent_statements_covered": 100.0, "percent_statements_covered_display": "100"}, "missing_lines": [], "excluded_lines": [], "start_line": 1}}, "classes": {"RecommendationMetrics": {"executed_lines": [], "summary": {"covered_lines": 0, "num_statements": 2, "percent_covered": 0.0, "percent_covered_display": "0", "missing_lines": 2, "excluded_lines": 0, "percent_statements_covered": 0.0, "percent_statements_covered_display": "0"}, "missing_lines": [29, 30], "excluded_lines": [], "start_line": 12}, "RecommendationMetricsCollector": {"executed_lines": [37, 38], "summary": {"covered_lines": 2, "num_statements": 26, "percent_covered": 7.6923076923076925, "percent_covered_display": "8", "missing_lines": 24, "excluded_lines": 0, "percent_statements_covered": 7.6923076923076925, "percent_statements_covered_display": "8"}, "missing_lines": [42, 46, 47, 50, 51, 52, 55, 56, 58, 61, 64, 76, 78, 80, 81, 89, 90, 91, 92, 95, 97, 115, 119, 120], "excluded_lines": [], "start_line": 33}, "": {"executed_lines": [3, 4, 5, 6, 8, 11, 12, 15, 16, 17, 18, 19, 20, 21, 22, 23, 24, 25, 26, 28, 33, 36, 40, 44, 74, 113, 117, 124], "summary": {"covered_lines": 28, "num_statements": 28, "percent_covered": 100.0, "percent_covered_display": "100", "missing_lines": 0, "excluded_lines": 0, "percent_statements_covered": 100.0, "percent_statements_covered_display": "100"}, "missing_lines": [], "excluded_lines": [], "start_line": 1}}}, "src/services/recommendations/recommendation_scheduler.py": {"executed_lines": [3, 4, 5, 6, 8, 9, 11, 12, 14, 16, 19, 22, 23, 24, 25, 26, 28, 35, 47, 62, 96, 147, 186, 200, 211], "summary": {"covered_lines": 25, "num_statements": 113, "percent_covered": 22.123893805309734, "percent_covered_display": "22", "missing_lines": 88, "excluded_lines": 0, "percent_statements_covered": 22.123893805309734, "percent_statements_covered_display": "22"}, "missing_lines": [30, 31, 32, 33, 37, 38, 39, 40, 41, 42, 43, 44, 45, 50, 52, 53, 54, 55, 56, 57, 58, 59, 60, 64, 65, 67, 68, 69, 70, 71, 73, 76, 78, 79, 80, 82, 86, 87, 88, 90, 92, 98, 99, 101, 102, 103, 104, 105, 107, 111, 112, 114, 115, 116, 118, 123, 124, 126, 127, 130, 131, 132, 136, 140, 141, 145, 151, 152, 154, 162, 163, 164, 166, 167, 168, 169, 180, 181, 182, 184, 188, 189, 190, 195, 196, 197, 198, 202], "excluded_lines": [], "functions": {"RecommendationScheduler.__init__": {"executed_lines": [23, 24, 25, 26], "summary": {"covered_lines": 4, "num_statements": 4, "percent_covered": 100.0, "percent_covered_display": "100", "missing_lines": 0, "excluded_lines": 0, "percent_statements_covered": 100.0, "percent_statements_covered_display": "100"}, "missing_lines": [], "excluded_lines": [], "start_line": 22}, "RecommendationScheduler.start": {"executed_lines": [], "summary": {"covered_lines": 0, "num_statements": 4, "percent_covered": 0.0, "percent_covered_display": "0", "missing_lines": 4, "excluded_lines": 0, "percent_statements_covered": 0.0, "percent_statements_covered_display": "0"}, "missing_lines": [30, 31, 32, 33], "excluded_lines": [], "start_line": 28}, "RecommendationScheduler.stop": {"executed_lines": [], "summary": {"covered_lines": 0, "num_statements": 9, "percent_covered": 0.0, "percent_covered_display": "0", "missing_lines": 9, "excluded_lines": 0, "percent_statements_covered": 0.0, "percent_statements_covered_display": "0"}, "missing_lines": [37, 38, 39, 40, 41, 42, 43, 44, 45], "excluded_lines": [], "start_line": 35}, "RecommendationScheduler._scheduler_loop": {"executed_lines": [], "summary": {"covered_lines": 0, "num_statements": 10, "percent_covered": 0.0, "percent_covered_display": "0", "missing_lines": 10, "excluded_lines": 0, "percent_statements_covered": 0.0, "percent_statements_covered_display": "0"}, "missing_lines": [50, 52, 53, 54, 55, 56, 57, 58, 59, 60], "excluded_lines": [], "start_line": 47}, "RecommendationScheduler._wait_for_database_ready": {"executed_lines": [], "summary": {"covered_lines": 0, "num_statements": 18, "percent_covered": 0.0, "percent_covered_display": "0", "missing_lines": 18, "excluded_lines": 0, "percent_statements_covered": 0.0, "percent_statements_covered_display": "0"}, "missing_lines": [64, 65, 67, 68, 69, 70, 71, 73, 76, 78, 79, 80, 82, 86, 87, 88, 90, 92], "excluded_lines": [], "start_line": 62}, "RecommendationScheduler._run_scheduled_generation": {"executed_lines": [], "summary": {"covered_lines": 0, "num_statements": 25, "percent_covered": 0.0, "percent_covered_display": "0", "missing_lines": 25, "excluded_lines": 0, "percent_statements_covered": 0.0, "percent_statements_covered_display": "0"}, "missing_lines": [98, 99, 101, 102, 103, 104, 105, 107, 111, 112, 114, 115, 116, 118, 123, 124, 126, 127, 130, 131, 132, 136, 140, 141, 145], "excluded_lines": [], "start_line": 96}, "RecommendationScheduler._get_users_needing_recommendations": {"executed_lines": [], "summary": {"covered_lines": 0, "num_statements": 14, "percent_covered": 0.0, "percent_covered_display": "0", "missing_lines": 14, "excluded_lines": 0, "percent_statements_covered": 0.0, "percent_statements_covered_display": "0"}, "missing_lines": [151, 152, 154, 162, 163, 164, 166, 167, 168, 169, 180, 181, 182, 184], "excluded_lines": [], "start_line": 147}, "RecommendationScheduler.generate_for_user_now": {"executed_lines": [], "summary": {"covered_lines": 0, "num_statements": 7, "percent_covered": 0.0, "percent_covered_display": "0", "missing_lines": 7, "excluded_lines": 0, "percent_statements_covered": 0.0, "percent_statements_covered_display": "0"}, "missing_lines": [188, 189, 190, 195, 196, 197, 198], "excluded_lines": [], "start_line": 186}, "RecommendationScheduler.get_scheduler_status": {"executed_lines": [], "summary": {"covered_lines": 0, "num_statements": 1, "percent_covered": 0.0, "percent_covered_display": "0", "missing_lines": 1, "excluded_lines": 0, "percent_statements_covered": 0.0, "percent_statements_covered_display": "0"}, "missing_lines": [202], "excluded_lines": [], "start_line": 200}, "": {"executed_lines": [3, 4, 5, 6, 8, 9, 11, 12, 14, 16, 19, 22, 28, 35, 47, 62, 96, 147, 186, 200, 211], "summary": {"covered_lines": 21, "num_statements": 21, "percent_covered": 100.0, "percent_covered_display": "100", "missing_lines": 0, "excluded_lines": 0, "percent_statements_covered": 100.0, "percent_statements_covered_display": "100"}, "missing_lines": [], "excluded_lines": [], "start_line": 1}}, "classes": {"RecommendationScheduler": {"executed_lines": [23, 24, 25, 26], "summary": {"covered_lines": 4, "num_statements": 92, "percent_covered": 4.3478260869565215, "percent_covered_display": "4", "missing_lines": 88, "excluded_lines": 0, "percent_statements_covered": 4.3478260869565215, "percent_statements_covered_display": "4"}, "missing_lines": [30, 31, 32, 33, 37, 38, 39, 40, 41, 42, 43, 44, 45, 50, 52, 53, 54, 55, 56, 57, 58, 59, 60, 64, 65, 67, 68, 69, 70, 71, 73, 76, 78, 79, 80, 82, 86, 87, 88, 90, 92, 98, 99, 101, 102, 103, 104, 105, 107, 111, 112, 114, 115, 116, 118, 123, 124, 126, 127, 130, 131, 132, 136, 140, 141, 145, 151, 152, 154, 162, 163, 164, 166, 167, 168, 169, 180, 181, 182, 184, 188, 189, 190, 195, 196, 197, 198, 202], "excluded_lines": [], "start_line": 19}, "": {"executed_lines": [3, 4, 5, 6, 8, 9, 11, 12, 14, 16, 19, 22, 28, 35, 47, 62, 96, 147, 186, 200, 211], "summary": {"covered_lines": 21, "num_statements": 21, "percent_covered": 100.0, "percent_covered_display": "100", "missing_lines": 0, "excluded_lines": 0, "percent_statements_covered": 100.0, "percent_statements_covered_display": "100"}, "missing_lines": [], "excluded_lines": [], "start_line": 1}}}, "src/services/transactions/__init__.py": {"executed_lines": [1, 3], "summary": {"covered_lines": 2, "num_statements": 2, "percent_covered": 100.0, "percent_covered_display": "100", "missing_lines": 0, "excluded_lines": 0, "percent_statements_covered": 100.0, "percent_statements_covered_display": "100"}, "missing_lines": [], "excluded_lines": [], "functions": {"": {"executed_lines": [1, 3], "summary": {"covered_lines": 2, "num_statements": 2, "percent_covered": 100.0, "percent_covered_display": "100", "missing_lines": 0, "excluded_lines": 0, "percent_statements_covered": 100.0, "percent_statements_covered_display": "100"}, "missing_lines": [], "excluded_lines": [], "start_line": 1}}, "classes": {"": {"executed_lines": [1, 3], "summary": {"covered_lines": 2, "num_statements": 2, "percent_covered": 100.0, "percent_covered_display": "100", "missing_lines": 0, "excluded_lines": 0, "percent_statements_covered": 100.0, "percent_statements_covered_display": "100"}, "missing_lines": [], "excluded_lines": [], "start_line": 1}}}, "src/services/transactions/transaction_service.py": {"executed_lines": [3, 4, 6, 7, 9, 12, 15, 19, 25, 27, 31, 32, 33, 35, 36, 38, 52, 54, 55, 57, 58, 60, 61, 63, 64, 66, 67, 69, 70, 72, 73, 75, 76, 78, 79, 81, 85, 88, 90, 92, 95, 97, 99], "summary": {"covered_lines": 43, "num_statements": 43, "percent_covered": 100.0, "percent_covered_display": "100", "missing_lines": 0, "excluded_lines": 0, "percent_statements_covered": 100.0, "percent_statements_covered_display": "100"}, "missing_lines": [], "excluded_lines": [], "functions": {"TransactionService.get_latest_transaction": {"executed_lines": [19, 25], "summary": {"covered_lines": 2, "num_statements": 2, "percent_covered": 100.0, "percent_covered_display": "100", "missing_lines": 0, "excluded_lines": 0, "percent_statements_covered": 100.0, "percent_statements_covered_display": "100"}, "missing_lines": [], "excluded_lines": [], "start_line": 15}, "TransactionService.get_user_transactions": {"executed_lines": [31, 32, 33, 35, 36], "summary": {"covered_lines": 5, "num_statements": 5, "percent_covered": 100.0, "percent_covered_display": "100", "missing_lines": 0, "excluded_lines": 0, "percent_statements_covered": 100.0, "percent_statements_covered_display": "100"}, "missing_lines": [], "excluded_lines": [], "start_line": 27}, "TransactionService.get_transactions_with_filters": {"executed_lines": [52, 54, 55, 57, 58, 60, 61, 63, 64, 66, 67, 69, 70, 72, 73, 75, 76, 78, 79], "summary": {"covered_lines": 19, "num_statements": 19, "percent_covered": 100.0, "percent_covered_display": "100", "missing_lines": 0, "excluded_lines": 0, "percent_statements_covered": 100.0, "percent_statements_covered_display": "100"}, "missing_lines": [], "excluded_lines": [], "start_line": 38}, "TransactionService.get_transaction_by_id": {"executed_lines": [85, 88], "summary": {"covered_lines": 2, "num_statements": 2, "percent_covered": 100.0, "percent_covered_display": "100", "missing_lines": 0, "excluded_lines": 0, "percent_statements_covered": 100.0, "percent_statements_covered_display": "100"}, "missing_lines": [], "excluded_lines": [], "start_line": 81}, "TransactionService.user_has_transactions": {"executed_lines": [92, 95], "summary": {"covered_lines": 2, "num_statements": 2, "percent_covered": 100.0, "percent_covered_display": "100", "missing_lines": 0, "excluded_lines": 0, "percent_statements_covered": 100.0, "percent_statements_covered_display": "100"}, "missing_lines": [], "excluded_lines": [], "start_line": 90}, "TransactionService.get_dummy_transaction": {"executed_lines": [99], "summary": {"covered_lines": 1, "num_statements": 1, "percent_covered": 100.0, "percent_covered_display": "100", "missing_lines": 0, "excluded_lines": 0, "percent_statements_covered": 100.0, "percent_statements_covered_display": "100"}, "missing_lines": [], "excluded_lines": [], "start_line": 97}, "": {"executed_lines": [3, 4, 6, 7, 9, 12, 15, 27, 38, 81, 90, 97], "summary": {"covered_lines": 12, "num_statements": 12, "percent_covered": 100.0, "percent_covered_display": "100", "missing_lines": 0, "excluded_lines": 0, "percent_statements_covered": 100.0, "percent_statements_covered_display": "100"}, "missing_lines": [], "excluded_lines": [], "start_line": 1}}, "classes": {"TransactionService": {"executed_lines": [19, 25, 31, 32, 33, 35, 36, 52, 54, 55, 57, 58, 60, 61, 63, 64, 66, 67, 69, 70, 72, 73, 75, 76, 78, 79, 85, 88, 92, 95, 99], "summary": {"covered_lines": 31, "num_statements": 31, "percent_covered": 100.0, "percent_covered_display": "100", "missing_lines": 0, "excluded_lines": 0, "percent_statements_covered": 100.0, "percent_statements_covered_display": "100"}, "missing_lines": [], "excluded_lines": [], "start_line": 12}, "": {"executed_lines": [3, 4, 6, 7, 9, 12, 15, 27, 38, 81, 90, 97], "summary": {"covered_lines": 12, "num_statements": 12, "percent_covered": 100.0, "percent_covered_display": "100", "missing_lines": 0, "excluded_lines": 0, "percent_statements_covered": 100.0, "percent_statements_covered_display": "100"}, "missing_lines": [], "excluded_lines": [], "start_line": 1}}}, "src/services/users/__init__.py": {"executed_lines": [1, 3], "summary": {"covered_lines": 2, "num_statements": 2, "percent_covered": 100.0, "percent_covered_display": "100", "missing_lines": 0, "excluded_lines": 0, "percent_statements_covered": 100.0, "percent_statements_covered_display": "100"}, "missing_lines": [], "excluded_lines": [], "functions": {"": {"executed_lines": [1, 3], "summary": {"covered_lines": 2, "num_statements": 2, "percent_covered": 100.0, "percent_covered_display": "100", "missing_lines": 0, "excluded_lines": 0, "percent_statements_covered": 100.0, "percent_statements_covered_display": "100"}, "missing_lines": [], "excluded_lines": [], "start_line": 1}}, "classes": {"": {"executed_lines": [1, 3], "summary": {"covered_lines": 2, "num_statements": 2, "percent_covered": 100.0, "percent_covered_display": "100", "missing_lines": 0, "excluded_lines": 0, "percent_statements_covered": 100.0, "percent_statements_covered_display": "100"}, "missing_lines": [], "excluded_lines": [], "start_line": 1}}}, "src/services/users/user_service.py": {"executed_lines": [3, 4, 6, 7, 9, 12, 15, 20, 25, 39, 44, 54, 72, 83, 94], "summary": {"covered_lines": 15, "num_statements": 57, "percent_covered": 26.31578947368421, "percent_covered_display": "26", "missing_lines": 42, "excluded_lines": 0, "percent_statements_covered": 26.31578947368421, "percent_statements_covered_display": "26"}, "missing_lines": [17, 18, 22, 23, 29, 36, 37, 41, 42, 48, 49, 50, 51, 52, 58, 59, 60, 63, 64, 65, 67, 68, 69, 70, 74, 75, 76, 78, 79, 80, 81, 85, 86, 87, 89, 90, 91, 92, 98, 99, 100, 102], "excluded_lines": [], "functions": {"UserService.get_user": {"executed_lines": [], "summary": {"covered_lines": 0, "num_statements": 2, "percent_covered": 0.0, "percent_covered_display": "0", "missing_lines": 2, "excluded_lines": 0, "percent_statements_covered": 0.0, "percent_statements_covered_display": "0"}, "missing_lines": [17, 18], "excluded_lines": [], "start_line": 15}, "UserService.get_user_by_email": {"executed_lines": [], "summary": {"covered_lines": 0, "num_statements": 2, "percent_covered": 0.0, "percent_covered_display": "0", "missing_lines": 2, "excluded_lines": 0, "percent_statements_covered": 0.0, "percent_statements_covered_display": "0"}, "missing_lines": [22, 23], "excluded_lines": [], "start_line": 20}, "UserService.get_all_users": {"executed_lines": [], "summary": {"covered_lines": 0, "num_statements": 3, "percent_covered": 0.0, "percent_covered_display": "0", "missing_lines": 3, "excluded_lines": 0, "percent_statements_covered": 0.0, "percent_statements_covered_display": "0"}, "missing_lines": [29, 36, 37], "excluded_lines": [], "start_line": 25}, "UserService.get_active_users": {"executed_lines": [], "summary": {"covered_lines": 0, "num_statements": 2, "percent_covered": 0.0, "percent_covered_display": "0", "missing_lines": 2, "excluded_lines": 0, "percent_statements_covered": 0.0, "percent_statements_covered_display": "0"}, "missing_lines": [41, 42], "excluded_lines": [], "start_line": 39}, "UserService.create_user": {"executed_lines": [], "summary": {"covered_lines": 0, "num_statements": 5, "percent_covered": 0.0, "percent_covered_display": "0", "missing_lines": 5, "excluded_lines": 0, "percent_statements_covered": 0.0, "percent_statements_covered_display": "0"}, "missing_lines": [48, 49, 50, 51, 52], "excluded_lines": [], "start_line": 44}, "UserService.update_user": {"executed_lines": [], "summary": {"covered_lines": 0, "num_statements": 10, "percent_covered": 0.0, "percent_covered_display": "0", "missing_lines": 10, "excluded_lines": 0, "percent_statements_covered": 0.0, "percent_statements_covered_display": "0"}, "missing_lines": [58, 59, 60, 63, 64, 65, 67, 68, 69, 70], "excluded_lines": [], "start_line": 54}, "UserService.deactivate_user": {"executed_lines": [], "summary": {"covered_lines": 0, "num_statements": 7, "percent_covered": 0.0, "percent_covered_display": "0", "missing_lines": 7, "excluded_lines": 0, "percent_statements_covered": 0.0, "percent_statements_covered_display": "0"}, "missing_lines": [74, 75, 76, 78, 79, 80, 81], "excluded_lines": [], "start_line": 72}, "UserService.activate_user": {"executed_lines": [], "summary": {"covered_lines": 0, "num_statements": 7, "percent_covered": 0.0, "percent_covered_display": "0", "missing_lines": 7, "excluded_lines": 0, "percent_statements_covered": 0.0, "percent_statements_covered_display": "0"}, "missing_lines": [85, 86, 87, 89, 90, 91, 92], "excluded_lines": [], "start_line": 83}, "UserService.get_user_summary": {"executed_lines": [], "summary": {"covered_lines": 0, "num_statements": 4, "percent_covered": 0.0, "percent_covered_display": "0", "missing_lines": 4, "excluded_lines": 0, "percent_statements_covered": 0.0, "percent_statements_covered_display": "0"}, "missing_lines": [98, 99, 100, 102], "excluded_lines": [], "start_line": 94}, "": {"executed_lines": [3, 4, 6, 7, 9, 12, 15, 20, 25, 39, 44, 54, 72, 83, 94], "summary": {"covered_lines": 15, "num_statements": 15, "percent_covered": 100.0, "percent_covered_display": "100", "missing_lines": 0, "excluded_lines": 0, "percent_statements_covered": 100.0, "percent_statements_covered_display": "100"}, "missing_lines": [], "excluded_lines": [], "start_line": 1}}, "classes": {"UserService": {"executed_lines": [], "summary": {"covered_lines": 0, "num_statements": 42, "percent_covered": 0.0, "percent_covered_display": "0", "missing_lines": 42, "excluded_lines": 0, "percent_statements_covered": 0.0, "percent_statements_covered_display": "0"}, "missing_lines": [17, 18, 22, 23, 29, 36, 37, 41, 42, 48, 49, 50, 51, 52, 58, 59, 60, 63, 64, 65, 67, 68, 69, 70, 74, 75, 76, 78, 79, 80, 81, 85, 86, 87, 89, 90, 91, 92, 98, 99, 100, 102], "excluded_lines": [], "start_line": 12}, "": {"executed_lines": [3, 4, 6, 7, 9, 12, 15, 20, 25, 39, 44, 54, 72, 83, 94], "summary": {"covered_lines": 15, "num_statements": 15, "percent_covered": 100.0, "percent_covered_display": "100", "missing_lines": 0, "excluded_lines": 0, "percent_statements_covered": 100.0, "percent_statements_covered_display": "100"}, "missing_lines": [], "excluded_lines": [], "start_line": 1}}}}, "totals": {"covered_lines": 2520, "num_statements": 5051, "percent_covered": 49.89111067115423, "percent_covered_display": "50", "missing_lines": 2531, "excluded_lines": 0, "percent_statements_covered": 49.89111067115423, "percent_statements_covered_display": "50"}}